yarn prod v0.21.3
$ webpack --config webpack.config.build.js 

[at-loader] Using typescript@2.2.0 from typescript and "tsconfig.json" from /home/adrianabreu/Proyectos/SIMDE/tsconfig.json.

ts-loader: Using typescript@2.2.0 and /home/adrianabreu/Proyectos/SIMDE/tsconfig.json

[at-loader] Checking started in a separate process...
Hash: c28b01cf1800cf50ae5b
Version: webpack 2.4.1
Time: 3754ms
                                   Asset       Size  Chunks                    Chunk Names
           build/main/core/Register.d.ts   34 bytes          [emitted]         
                               bundle.js     342 kB       0  [emitted]  [big]  main
               build/main/core/Code.d.ts  203 bytes          [emitted]         
       build/main/core/DecoderEntry.d.ts   38 bytes          [emitted]         
     build/main/core/FunctionalUnit.d.ts  104 bytes          [emitted]         
        build/main/core/Instruction.d.ts   37 bytes          [emitted]         
              build/main/core/Label.d.ts   31 bytes          [emitted]         
            build/main/core/Machine.d.ts  158 bytes          [emitted]         
      build/main/core/MachineStatus.d.ts   39 bytes          [emitted]         
             build/main/core/Memory.d.ts   59 bytes          [emitted]         
             build/main/core/Parser.d.ts   78 bytes          [emitted]         
      build/main/core/PrefetchEntry.d.ts   39 bytes          [emitted]         
             build/main/core/Blocks.d.ts   76 bytes          [emitted]         
 build/main/core/ReorderBufferEntry.d.ts   44 bytes          [emitted]         
build/main/core/ReserveStationEntry.d.ts   45 bytes          [emitted]         
             build/main/core/Status.d.ts   32 bytes          [emitted]         
       build/main/core/Superescalar.d.ts  393 bytes          [emitted]         
 build/main/core/SuperescalarConfig.d.ts  407 bytes          [emitted]         
  build/main/core/SuperescalarEnums.d.ts   97 bytes          [emitted]         
               build/main/core/Tail.d.ts    0 bytes          [emitted]         
  build/main/core/collections/Queue.d.ts   40 bytes          [emitted]         
       build/main/core/utils/Random.d.ts   49 bytes          [emitted]         
          build/main/test/Code.spec.d.ts    0 bytes          [emitted]         
         build/main/test/Queue.spec.d.ts    0 bytes          [emitted]         
                              index.html    3.35 kB          [emitted]         
   [0] ./src/core/FunctionalUnit.ts 13.8 kB {0} [built]
   [1] ./src/core/Code.ts 64.9 kB {0} [built] [1 error]
   [2] ./src/core/SuperescalarEnums.ts 3.9 kB {0} [built]
   [4] ./src/core/Instruction.ts 10.3 kB {0} [built]
   [5] ./src/interface/Hello.tsx 610 bytes {0} [built]
   [6] ./src/core/Superescalar.ts 136 kB {0} [built] [12 errors]
   [8] ./src/demo.tsx 4.55 kB {0} [built]
  [10] ./src/core/Blocks.ts 5.98 kB {0} [built]
  [11] ./src/core/DecoderEntry.ts 1.72 kB {0} [built]
  [12] ./src/core/Label.ts 2.4 kB {0} [built]
  [13] ./src/core/Machine.ts 21.2 kB {0} [built] [19 errors]
  [16] ./src/core/Parser.ts 7.76 kB {0} [built]
  [19] ./src/core/ReorderBufferEntry.ts 5.82 kB {0} [built]
  [20] ./src/core/ReserveStationEntry.ts 8.07 kB {0} [built]
  [22] ./src/core/collections/Queue.ts 14.8 kB {0} [built]
    + 10 hidden modules

ERROR in /home/adrianabreu/Proyectos/SIMDE/node_modules/@types/react-dom/index.d.ts
(15,39): error TS2304: Cannot find name 'Element'.

ERROR in /home/adrianabreu/Proyectos/SIMDE/node_modules/@types/react-dom/index.d.ts
(16,55): error TS2304: Cannot find name 'Element'.

ERROR in /home/adrianabreu/Proyectos/SIMDE/node_modules/@types/react-dom/index.d.ts
(18,62): error TS2304: Cannot find name 'Element'.

ERROR in /home/adrianabreu/Proyectos/SIMDE/node_modules/@types/react-dom/index.d.ts
(20,16): error TS2304: Cannot find name 'Element'.

ERROR in /home/adrianabreu/Proyectos/SIMDE/node_modules/@types/react-dom/index.d.ts
(25,16): error TS2304: Cannot find name 'Element'.

ERROR in /home/adrianabreu/Proyectos/SIMDE/node_modules/@types/react-dom/index.d.ts
(30,16): error TS2304: Cannot find name 'Element'.

ERROR in /home/adrianabreu/Proyectos/SIMDE/node_modules/@types/react-dom/index.d.ts
(35,16): error TS2304: Cannot find name 'Element'.

ERROR in /home/adrianabreu/Proyectos/SIMDE/node_modules/@types/react-dom/index.d.ts
(36,60): error TS2304: Cannot find name 'Element'.

ERROR in /home/adrianabreu/Proyectos/SIMDE/node_modules/@types/react-dom/index.d.ts
(37,35): error TS2304: Cannot find name 'Element'.

ERROR in /home/adrianabreu/Proyectos/SIMDE/node_modules/@types/react-dom/index.d.ts
(41,16): error TS2304: Cannot find name 'Element'.

ERROR in /home/adrianabreu/Proyectos/SIMDE/node_modules/@types/react-dom/index.d.ts
(45,51): error TS2304: Cannot find name 'Element'.

ERROR in /home/adrianabreu/Proyectos/SIMDE/node_modules/@types/react-dom/index.d.ts
(53,91): error TS2304: Cannot find name 'Element'.

ERROR in /home/adrianabreu/Proyectos/SIMDE/node_modules/@types/react-dom/index.d.ts
(56,16): error TS2304: Cannot find name 'Element'.

ERROR in /home/adrianabreu/Proyectos/SIMDE/node_modules/@types/react-dom/index.d.ts
(61,16): error TS2304: Cannot find name 'Element'.

ERROR in /home/adrianabreu/Proyectos/SIMDE/node_modules/@types/react-dom/index.d.ts
(66,16): error TS2304: Cannot find name 'Element'.

ERROR in /home/adrianabreu/Proyectos/SIMDE/node_modules/@types/react-dom/index.d.ts
(67,60): error TS2304: Cannot find name 'Element'.

ERROR in /home/adrianabreu/Proyectos/SIMDE/node_modules/@types/react-dom/index.d.ts
(67,109): error TS2304: Cannot find name 'Element'.

ERROR in /home/adrianabreu/Proyectos/SIMDE/node_modules/@types/react/index.d.ts
(7,29): error TS2304: Cannot find name 'AnimationEvent'.

ERROR in /home/adrianabreu/Proyectos/SIMDE/node_modules/@types/react/index.d.ts
(8,29): error TS2304: Cannot find name 'ClipboardEvent'.

ERROR in /home/adrianabreu/Proyectos/SIMDE/node_modules/@types/react/index.d.ts
(9,31): error TS2304: Cannot find name 'CompositionEvent'.

ERROR in /home/adrianabreu/Proyectos/SIMDE/node_modules/@types/react/index.d.ts
(10,24): error TS2304: Cannot find name 'DragEvent'.

ERROR in /home/adrianabreu/Proyectos/SIMDE/node_modules/@types/react/index.d.ts
(11,25): error TS2304: Cannot find name 'FocusEvent'.

ERROR in /home/adrianabreu/Proyectos/SIMDE/node_modules/@types/react/index.d.ts
(12,28): error TS2304: Cannot find name 'KeyboardEvent'.

ERROR in /home/adrianabreu/Proyectos/SIMDE/node_modules/@types/react/index.d.ts
(13,25): error TS2304: Cannot find name 'MouseEvent'.

ERROR in /home/adrianabreu/Proyectos/SIMDE/node_modules/@types/react/index.d.ts
(14,25): error TS2304: Cannot find name 'TouchEvent'.

ERROR in /home/adrianabreu/Proyectos/SIMDE/node_modules/@types/react/index.d.ts
(15,30): error TS2304: Cannot find name 'TransitionEvent'.

ERROR in /home/adrianabreu/Proyectos/SIMDE/node_modules/@types/react/index.d.ts
(16,22): error TS2304: Cannot find name 'UIEvent'.

ERROR in /home/adrianabreu/Proyectos/SIMDE/node_modules/@types/react/index.d.ts
(17,25): error TS2304: Cannot find name 'WheelEvent'.

ERROR in /home/adrianabreu/Proyectos/SIMDE/node_modules/@types/react/index.d.ts
(59,64): error TS2304: Cannot find name 'Element'.

ERROR in /home/adrianabreu/Proyectos/SIMDE/node_modules/@types/react/index.d.ts
(64,42): error TS2304: Cannot find name 'HTMLElement'.

ERROR in /home/adrianabreu/Proyectos/SIMDE/node_modules/@types/react/index.d.ts
(67,64): error TS2304: Cannot find name 'SVGElement'.

ERROR in /home/adrianabreu/Proyectos/SIMDE/node_modules/@types/react/index.d.ts
(67,77): error TS2304: Cannot find name 'SVGElement'.

ERROR in /home/adrianabreu/Proyectos/SIMDE/node_modules/@types/react/index.d.ts
(89,64): error TS2304: Cannot find name 'Element'.

ERROR in /home/adrianabreu/Proyectos/SIMDE/node_modules/@types/react/index.d.ts
(93,37): error TS2304: Cannot find name 'HTMLElement'.

ERROR in /home/adrianabreu/Proyectos/SIMDE/node_modules/@types/react/index.d.ts
(96,49): error TS2304: Cannot find name 'HTMLElement'.

ERROR in /home/adrianabreu/Proyectos/SIMDE/node_modules/@types/react/index.d.ts
(99,59): error TS2304: Cannot find name 'SVGElement'.

ERROR in /home/adrianabreu/Proyectos/SIMDE/node_modules/@types/react/index.d.ts
(99,72): error TS2304: Cannot find name 'SVGElement'.

ERROR in /home/adrianabreu/Proyectos/SIMDE/node_modules/@types/react/index.d.ts
(120,66): error TS2304: Cannot find name 'Element'.

ERROR in /home/adrianabreu/Proyectos/SIMDE/node_modules/@types/react/index.d.ts
(129,66): error TS2304: Cannot find name 'Element'.

ERROR in /home/adrianabreu/Proyectos/SIMDE/node_modules/@types/react/index.d.ts
(150,65): error TS2304: Cannot find name 'Element'.

ERROR in /home/adrianabreu/Proyectos/SIMDE/node_modules/@types/react/index.d.ts
(178,48): error TS2304: Cannot find name 'Element'.

ERROR in /home/adrianabreu/Proyectos/SIMDE/node_modules/@types/react/index.d.ts
(291,24): error TS2304: Cannot find name 'EventTarget'.

ERROR in /home/adrianabreu/Proyectos/SIMDE/node_modules/@types/react/index.d.ts
(296,22): error TS2304: Cannot find name 'Event'.

ERROR in /home/adrianabreu/Proyectos/SIMDE/node_modules/@types/react/index.d.ts
(303,17): error TS2304: Cannot find name 'EventTarget'.

ERROR in /home/adrianabreu/Proyectos/SIMDE/node_modules/@types/react/index.d.ts
(309,24): error TS2304: Cannot find name 'DataTransfer'.

ERROR in /home/adrianabreu/Proyectos/SIMDE/node_modules/@types/react/index.d.ts
(319,23): error TS2304: Cannot find name 'DataTransfer'.

ERROR in /home/adrianabreu/Proyectos/SIMDE/node_modules/@types/react/index.d.ts
(325,24): error TS2304: Cannot find name 'EventTarget'.

ERROR in /home/adrianabreu/Proyectos/SIMDE/node_modules/@types/react/index.d.ts
(332,17): error TS2304: Cannot find name 'EventTarget'.

ERROR in /home/adrianabreu/Proyectos/SIMDE/node_modules/@types/react/index.d.ts
(363,24): error TS2304: Cannot find name 'EventTarget'.

ERROR in /home/adrianabreu/Proyectos/SIMDE/node_modules/@types/react/index.d.ts
(460,47): error TS2304: Cannot find name 'HTMLElement'.

ERROR in /home/adrianabreu/Proyectos/SIMDE/node_modules/@types/react/index.d.ts
(2232,52): error TS2304: Cannot find name 'HTMLElement'.

ERROR in /home/adrianabreu/Proyectos/SIMDE/node_modules/@types/react/index.d.ts
(2510,24): error TS2304: Cannot find name 'HTMLAnchorElement'.

ERROR in /home/adrianabreu/Proyectos/SIMDE/node_modules/@types/react/index.d.ts
(2511,27): error TS2304: Cannot find name 'HTMLElement'.

ERROR in /home/adrianabreu/Proyectos/SIMDE/node_modules/@types/react/index.d.ts
(2512,30): error TS2304: Cannot find name 'HTMLElement'.

ERROR in /home/adrianabreu/Proyectos/SIMDE/node_modules/@types/react/index.d.ts
(2513,27): error TS2304: Cannot find name 'HTMLAreaElement'.

ERROR in /home/adrianabreu/Proyectos/SIMDE/node_modules/@types/react/index.d.ts
(2514,30): error TS2304: Cannot find name 'HTMLElement'.

ERROR in /home/adrianabreu/Proyectos/SIMDE/node_modules/@types/react/index.d.ts
(2515,28): error TS2304: Cannot find name 'HTMLElement'.

ERROR in /home/adrianabreu/Proyectos/SIMDE/node_modules/@types/react/index.d.ts
(2516,28): error TS2304: Cannot find name 'HTMLAudioElement'.

ERROR in /home/adrianabreu/Proyectos/SIMDE/node_modules/@types/react/index.d.ts
(2517,24): error TS2304: Cannot find name 'HTMLElement'.

ERROR in /home/adrianabreu/Proyectos/SIMDE/node_modules/@types/react/index.d.ts
(2518,27): error TS2304: Cannot find name 'HTMLBaseElement'.

ERROR in /home/adrianabreu/Proyectos/SIMDE/node_modules/@types/react/index.d.ts
(2519,26): error TS2304: Cannot find name 'HTMLElement'.

ERROR in /home/adrianabreu/Proyectos/SIMDE/node_modules/@types/react/index.d.ts
(2520,26): error TS2304: Cannot find name 'HTMLElement'.

ERROR in /home/adrianabreu/Proyectos/SIMDE/node_modules/@types/react/index.d.ts
(2521,26): error TS2304: Cannot find name 'HTMLElement'.

ERROR in /home/adrianabreu/Proyectos/SIMDE/node_modules/@types/react/index.d.ts
(2522,33): error TS2304: Cannot find name 'HTMLElement'.

ERROR in /home/adrianabreu/Proyectos/SIMDE/node_modules/@types/react/index.d.ts
(2523,27): error TS2304: Cannot find name 'HTMLBodyElement'.

ERROR in /home/adrianabreu/Proyectos/SIMDE/node_modules/@types/react/index.d.ts
(2524,25): error TS2304: Cannot find name 'HTMLBRElement'.

ERROR in /home/adrianabreu/Proyectos/SIMDE/node_modules/@types/react/index.d.ts
(2525,29): error TS2304: Cannot find name 'HTMLButtonElement'.

ERROR in /home/adrianabreu/Proyectos/SIMDE/node_modules/@types/react/index.d.ts
(2526,29): error TS2304: Cannot find name 'HTMLCanvasElement'.

ERROR in /home/adrianabreu/Proyectos/SIMDE/node_modules/@types/react/index.d.ts
(2527,30): error TS2304: Cannot find name 'HTMLElement'.

ERROR in /home/adrianabreu/Proyectos/SIMDE/node_modules/@types/react/index.d.ts
(2528,27): error TS2304: Cannot find name 'HTMLElement'.

ERROR in /home/adrianabreu/Proyectos/SIMDE/node_modules/@types/react/index.d.ts
(2529,27): error TS2304: Cannot find name 'HTMLElement'.

ERROR in /home/adrianabreu/Proyectos/SIMDE/node_modules/@types/react/index.d.ts
(2530,26): error TS2304: Cannot find name 'HTMLTableColElement'.

ERROR in /home/adrianabreu/Proyectos/SIMDE/node_modules/@types/react/index.d.ts
(2531,31): error TS2304: Cannot find name 'HTMLTableColElement'.

ERROR in /home/adrianabreu/Proyectos/SIMDE/node_modules/@types/react/index.d.ts
(2532,27): error TS2304: Cannot find name 'HTMLElement'.

ERROR in /home/adrianabreu/Proyectos/SIMDE/node_modules/@types/react/index.d.ts
(2533,31): error TS2304: Cannot find name 'HTMLDataListElement'.

ERROR in /home/adrianabreu/Proyectos/SIMDE/node_modules/@types/react/index.d.ts
(2534,25): error TS2304: Cannot find name 'HTMLElement'.

ERROR in /home/adrianabreu/Proyectos/SIMDE/node_modules/@types/react/index.d.ts
(2535,26): error TS2304: Cannot find name 'HTMLElement'.

ERROR in /home/adrianabreu/Proyectos/SIMDE/node_modules/@types/react/index.d.ts
(2536,30): error TS2304: Cannot find name 'HTMLElement'.

ERROR in /home/adrianabreu/Proyectos/SIMDE/node_modules/@types/react/index.d.ts
(2537,26): error TS2304: Cannot find name 'HTMLElement'.

ERROR in /home/adrianabreu/Proyectos/SIMDE/node_modules/@types/react/index.d.ts
(2538,29): error TS2304: Cannot find name 'HTMLElement'.

ERROR in /home/adrianabreu/Proyectos/SIMDE/node_modules/@types/react/index.d.ts
(2539,26): error TS2304: Cannot find name 'HTMLDivElement'.

ERROR in /home/adrianabreu/Proyectos/SIMDE/node_modules/@types/react/index.d.ts
(2540,25): error TS2304: Cannot find name 'HTMLDListElement'.

ERROR in /home/adrianabreu/Proyectos/SIMDE/node_modules/@types/react/index.d.ts
(2541,25): error TS2304: Cannot find name 'HTMLElement'.

ERROR in /home/adrianabreu/Proyectos/SIMDE/node_modules/@types/react/index.d.ts
(2542,25): error TS2304: Cannot find name 'HTMLElement'.

ERROR in /home/adrianabreu/Proyectos/SIMDE/node_modules/@types/react/index.d.ts
(2543,28): error TS2304: Cannot find name 'HTMLEmbedElement'.

ERROR in /home/adrianabreu/Proyectos/SIMDE/node_modules/@types/react/index.d.ts
(2544,31): error TS2304: Cannot find name 'HTMLFieldSetElement'.

ERROR in /home/adrianabreu/Proyectos/SIMDE/node_modules/@types/react/index.d.ts
(2545,33): error TS2304: Cannot find name 'HTMLElement'.

ERROR in /home/adrianabreu/Proyectos/SIMDE/node_modules/@types/react/index.d.ts
(2546,29): error TS2304: Cannot find name 'HTMLElement'.

ERROR in /home/adrianabreu/Proyectos/SIMDE/node_modules/@types/react/index.d.ts
(2547,29): error TS2304: Cannot find name 'HTMLElement'.

ERROR in /home/adrianabreu/Proyectos/SIMDE/node_modules/@types/react/index.d.ts
(2548,27): error TS2304: Cannot find name 'HTMLFormElement'.

ERROR in /home/adrianabreu/Proyectos/SIMDE/node_modules/@types/react/index.d.ts
(2549,25): error TS2304: Cannot find name 'HTMLHeadingElement'.

ERROR in /home/adrianabreu/Proyectos/SIMDE/node_modules/@types/react/index.d.ts
(2550,25): error TS2304: Cannot find name 'HTMLHeadingElement'.

ERROR in /home/adrianabreu/Proyectos/SIMDE/node_modules/@types/react/index.d.ts
(2551,25): error TS2304: Cannot find name 'HTMLHeadingElement'.

ERROR in /home/adrianabreu/Proyectos/SIMDE/node_modules/@types/react/index.d.ts
(2552,25): error TS2304: Cannot find name 'HTMLHeadingElement'.

ERROR in /home/adrianabreu/Proyectos/SIMDE/node_modules/@types/react/index.d.ts
(2553,25): error TS2304: Cannot find name 'HTMLHeadingElement'.

ERROR in /home/adrianabreu/Proyectos/SIMDE/node_modules/@types/react/index.d.ts
(2554,25): error TS2304: Cannot find name 'HTMLHeadingElement'.

ERROR in /home/adrianabreu/Proyectos/SIMDE/node_modules/@types/react/index.d.ts
(2555,27): error TS2304: Cannot find name 'HTMLHeadElement'.

ERROR in /home/adrianabreu/Proyectos/SIMDE/node_modules/@types/react/index.d.ts
(2556,29): error TS2304: Cannot find name 'HTMLElement'.

ERROR in /home/adrianabreu/Proyectos/SIMDE/node_modules/@types/react/index.d.ts
(2557,29): error TS2304: Cannot find name 'HTMLElement'.

ERROR in /home/adrianabreu/Proyectos/SIMDE/node_modules/@types/react/index.d.ts
(2558,25): error TS2304: Cannot find name 'HTMLHRElement'.

ERROR in /home/adrianabreu/Proyectos/SIMDE/node_modules/@types/react/index.d.ts
(2559,27): error TS2304: Cannot find name 'HTMLHtmlElement'.

ERROR in /home/adrianabreu/Proyectos/SIMDE/node_modules/@types/react/index.d.ts
(2560,24): error TS2304: Cannot find name 'HTMLElement'.

ERROR in /home/adrianabreu/Proyectos/SIMDE/node_modules/@types/react/index.d.ts
(2561,29): error TS2304: Cannot find name 'HTMLIFrameElement'.

ERROR in /home/adrianabreu/Proyectos/SIMDE/node_modules/@types/react/index.d.ts
(2562,26): error TS2304: Cannot find name 'HTMLImageElement'.

ERROR in /home/adrianabreu/Proyectos/SIMDE/node_modules/@types/react/index.d.ts
(2563,40): error TS2304: Cannot find name 'HTMLInputElement'.

ERROR in /home/adrianabreu/Proyectos/SIMDE/node_modules/@types/react/index.d.ts
(2564,26): error TS2304: Cannot find name 'HTMLModElement'.

ERROR in /home/adrianabreu/Proyectos/SIMDE/node_modules/@types/react/index.d.ts
(2565,26): error TS2304: Cannot find name 'HTMLElement'.

ERROR in /home/adrianabreu/Proyectos/SIMDE/node_modules/@types/react/index.d.ts
(2566,29): error TS2304: Cannot find name 'HTMLElement'.

ERROR in /home/adrianabreu/Proyectos/SIMDE/node_modules/@types/react/index.d.ts
(2567,28): error TS2304: Cannot find name 'HTMLLabelElement'.

ERROR in /home/adrianabreu/Proyectos/SIMDE/node_modules/@types/react/index.d.ts
(2568,29): error TS2304: Cannot find name 'HTMLLegendElement'.

ERROR in /home/adrianabreu/Proyectos/SIMDE/node_modules/@types/react/index.d.ts
(2569,25): error TS2304: Cannot find name 'HTMLLIElement'.

ERROR in /home/adrianabreu/Proyectos/SIMDE/node_modules/@types/react/index.d.ts
(2570,27): error TS2304: Cannot find name 'HTMLLinkElement'.

ERROR in /home/adrianabreu/Proyectos/SIMDE/node_modules/@types/react/index.d.ts
(2571,27): error TS2304: Cannot find name 'HTMLElement'.

ERROR in /home/adrianabreu/Proyectos/SIMDE/node_modules/@types/react/index.d.ts
(2572,26): error TS2304: Cannot find name 'HTMLMapElement'.

ERROR in /home/adrianabreu/Proyectos/SIMDE/node_modules/@types/react/index.d.ts
(2573,27): error TS2304: Cannot find name 'HTMLElement'.

ERROR in /home/adrianabreu/Proyectos/SIMDE/node_modules/@types/react/index.d.ts
(2574,27): error TS2304: Cannot find name 'HTMLElement'.

ERROR in /home/adrianabreu/Proyectos/SIMDE/node_modules/@types/react/index.d.ts
(2575,31): error TS2304: Cannot find name 'HTMLElement'.

ERROR in /home/adrianabreu/Proyectos/SIMDE/node_modules/@types/react/index.d.ts
(2576,27): error TS2304: Cannot find name 'HTMLMetaElement'.

ERROR in /home/adrianabreu/Proyectos/SIMDE/node_modules/@types/react/index.d.ts
(2577,28): error TS2304: Cannot find name 'HTMLElement'.

ERROR in /home/adrianabreu/Proyectos/SIMDE/node_modules/@types/react/index.d.ts
(2578,26): error TS2304: Cannot find name 'HTMLElement'.

ERROR in /home/adrianabreu/Proyectos/SIMDE/node_modules/@types/react/index.d.ts
(2579,31): error TS2304: Cannot find name 'HTMLElement'.

ERROR in /home/adrianabreu/Proyectos/SIMDE/node_modules/@types/react/index.d.ts
(2580,29): error TS2304: Cannot find name 'HTMLObjectElement'.

ERROR in /home/adrianabreu/Proyectos/SIMDE/node_modules/@types/react/index.d.ts
(2581,25): error TS2304: Cannot find name 'HTMLOListElement'.

ERROR in /home/adrianabreu/Proyectos/SIMDE/node_modules/@types/react/index.d.ts
(2582,31): error TS2304: Cannot find name 'HTMLOptGroupElement'.

ERROR in /home/adrianabreu/Proyectos/SIMDE/node_modules/@types/react/index.d.ts
(2583,29): error TS2304: Cannot find name 'HTMLOptionElement'.

ERROR in /home/adrianabreu/Proyectos/SIMDE/node_modules/@types/react/index.d.ts
(2584,29): error TS2304: Cannot find name 'HTMLElement'.

ERROR in /home/adrianabreu/Proyectos/SIMDE/node_modules/@types/react/index.d.ts
(2585,24): error TS2304: Cannot find name 'HTMLParagraphElement'.

ERROR in /home/adrianabreu/Proyectos/SIMDE/node_modules/@types/react/index.d.ts
(2586,28): error TS2304: Cannot find name 'HTMLParamElement'.

ERROR in /home/adrianabreu/Proyectos/SIMDE/node_modules/@types/react/index.d.ts
(2587,30): error TS2304: Cannot find name 'HTMLElement'.

ERROR in /home/adrianabreu/Proyectos/SIMDE/node_modules/@types/react/index.d.ts
(2588,26): error TS2304: Cannot find name 'HTMLPreElement'.

ERROR in /home/adrianabreu/Proyectos/SIMDE/node_modules/@types/react/index.d.ts
(2589,31): error TS2304: Cannot find name 'HTMLProgressElement'.

ERROR in /home/adrianabreu/Proyectos/SIMDE/node_modules/@types/react/index.d.ts
(2590,24): error TS2304: Cannot find name 'HTMLQuoteElement'.

ERROR in /home/adrianabreu/Proyectos/SIMDE/node_modules/@types/react/index.d.ts
(2591,25): error TS2304: Cannot find name 'HTMLElement'.

ERROR in /home/adrianabreu/Proyectos/SIMDE/node_modules/@types/react/index.d.ts
(2592,25): error TS2304: Cannot find name 'HTMLElement'.

ERROR in /home/adrianabreu/Proyectos/SIMDE/node_modules/@types/react/index.d.ts
(2593,27): error TS2304: Cannot find name 'HTMLElement'.

ERROR in /home/adrianabreu/Proyectos/SIMDE/node_modules/@types/react/index.d.ts
(2594,24): error TS2304: Cannot find name 'HTMLElement'.

ERROR in /home/adrianabreu/Proyectos/SIMDE/node_modules/@types/react/index.d.ts
(2595,27): error TS2304: Cannot find name 'HTMLElement'.

ERROR in /home/adrianabreu/Proyectos/SIMDE/node_modules/@types/react/index.d.ts
(2596,29): error TS2304: Cannot find name 'HTMLElement'.

ERROR in /home/adrianabreu/Proyectos/SIMDE/node_modules/@types/react/index.d.ts
(2597,30): error TS2304: Cannot find name 'HTMLElement'.

ERROR in /home/adrianabreu/Proyectos/SIMDE/node_modules/@types/react/index.d.ts
(2598,41): error TS2304: Cannot find name 'HTMLSelectElement'.

ERROR in /home/adrianabreu/Proyectos/SIMDE/node_modules/@types/react/index.d.ts
(2599,28): error TS2304: Cannot find name 'HTMLElement'.

ERROR in /home/adrianabreu/Proyectos/SIMDE/node_modules/@types/react/index.d.ts
(2600,29): error TS2304: Cannot find name 'HTMLSourceElement'.

ERROR in /home/adrianabreu/Proyectos/SIMDE/node_modules/@types/react/index.d.ts
(2601,27): error TS2304: Cannot find name 'HTMLSpanElement'.

ERROR in /home/adrianabreu/Proyectos/SIMDE/node_modules/@types/react/index.d.ts
(2602,29): error TS2304: Cannot find name 'HTMLElement'.

ERROR in /home/adrianabreu/Proyectos/SIMDE/node_modules/@types/react/index.d.ts
(2603,28): error TS2304: Cannot find name 'HTMLStyleElement'.

ERROR in /home/adrianabreu/Proyectos/SIMDE/node_modules/@types/react/index.d.ts
(2604,26): error TS2304: Cannot find name 'HTMLElement'.

ERROR in /home/adrianabreu/Proyectos/SIMDE/node_modules/@types/react/index.d.ts
(2605,30): error TS2304: Cannot find name 'HTMLElement'.

ERROR in /home/adrianabreu/Proyectos/SIMDE/node_modules/@types/react/index.d.ts
(2606,26): error TS2304: Cannot find name 'HTMLElement'.

ERROR in /home/adrianabreu/Proyectos/SIMDE/node_modules/@types/react/index.d.ts
(2607,28): error TS2304: Cannot find name 'HTMLTableElement'.

ERROR in /home/adrianabreu/Proyectos/SIMDE/node_modules/@types/react/index.d.ts
(2608,28): error TS2304: Cannot find name 'HTMLTableSectionElement'.

ERROR in /home/adrianabreu/Proyectos/SIMDE/node_modules/@types/react/index.d.ts
(2609,25): error TS2304: Cannot find name 'HTMLTableDataCellElement'.

ERROR in /home/adrianabreu/Proyectos/SIMDE/node_modules/@types/react/index.d.ts
(2610,43): error TS2304: Cannot find name 'HTMLTextAreaElement'.

ERROR in /home/adrianabreu/Proyectos/SIMDE/node_modules/@types/react/index.d.ts
(2611,28): error TS2304: Cannot find name 'HTMLTableSectionElement'.

ERROR in /home/adrianabreu/Proyectos/SIMDE/node_modules/@types/react/index.d.ts
(2612,25): error TS2304: Cannot find name 'HTMLTableHeaderCellElement'.

ERROR in /home/adrianabreu/Proyectos/SIMDE/node_modules/@types/react/index.d.ts
(2613,28): error TS2304: Cannot find name 'HTMLTableSectionElement'.

ERROR in /home/adrianabreu/Proyectos/SIMDE/node_modules/@types/react/index.d.ts
(2614,27): error TS2304: Cannot find name 'HTMLElement'.

ERROR in /home/adrianabreu/Proyectos/SIMDE/node_modules/@types/react/index.d.ts
(2615,28): error TS2304: Cannot find name 'HTMLTitleElement'.

ERROR in /home/adrianabreu/Proyectos/SIMDE/node_modules/@types/react/index.d.ts
(2616,25): error TS2304: Cannot find name 'HTMLTableRowElement'.

ERROR in /home/adrianabreu/Proyectos/SIMDE/node_modules/@types/react/index.d.ts
(2617,28): error TS2304: Cannot find name 'HTMLTrackElement'.

ERROR in /home/adrianabreu/Proyectos/SIMDE/node_modules/@types/react/index.d.ts
(2618,24): error TS2304: Cannot find name 'HTMLElement'.

ERROR in /home/adrianabreu/Proyectos/SIMDE/node_modules/@types/react/index.d.ts
(2619,25): error TS2304: Cannot find name 'HTMLUListElement'.

ERROR in /home/adrianabreu/Proyectos/SIMDE/node_modules/@types/react/index.d.ts
(2620,28): error TS2304: Cannot find name 'HTMLElement'.

ERROR in /home/adrianabreu/Proyectos/SIMDE/node_modules/@types/react/index.d.ts
(2621,28): error TS2304: Cannot find name 'HTMLVideoElement'.

ERROR in /home/adrianabreu/Proyectos/SIMDE/node_modules/@types/react/index.d.ts
(2622,26): error TS2304: Cannot find name 'HTMLElement'.

ERROR in /home/adrianabreu/Proyectos/SIMDE/node_modules/@types/react/index.d.ts
(2698,21): error TS2304: Cannot find name 'StyleMedia'.

ERROR in /home/adrianabreu/Proyectos/SIMDE/node_modules/@types/react/index.d.ts
(2699,19): error TS2304: Cannot find name 'Document'.

ERROR in /home/adrianabreu/Proyectos/SIMDE/node_modules/@types/react/index.d.ts
(2704,17): error TS2304: Cannot find name 'EventTarget'.

ERROR in /home/adrianabreu/Proyectos/SIMDE/node_modules/@types/react/index.d.ts
(2734,32): error TS2304: Cannot find name 'HTMLAnchorElement'.

ERROR in /home/adrianabreu/Proyectos/SIMDE/node_modules/@types/react/index.d.ts
(2735,35): error TS2304: Cannot find name 'HTMLElement'.

ERROR in /home/adrianabreu/Proyectos/SIMDE/node_modules/@types/react/index.d.ts
(2736,38): error TS2304: Cannot find name 'HTMLElement'.

ERROR in /home/adrianabreu/Proyectos/SIMDE/node_modules/@types/react/index.d.ts
(2737,35): error TS2304: Cannot find name 'HTMLAreaElement'.

ERROR in /home/adrianabreu/Proyectos/SIMDE/node_modules/@types/react/index.d.ts
(2738,38): error TS2304: Cannot find name 'HTMLElement'.

ERROR in /home/adrianabreu/Proyectos/SIMDE/node_modules/@types/react/index.d.ts
(2739,36): error TS2304: Cannot find name 'HTMLElement'.

ERROR in /home/adrianabreu/Proyectos/SIMDE/node_modules/@types/react/index.d.ts
(2740,36): error TS2304: Cannot find name 'HTMLAudioElement'.

ERROR in /home/adrianabreu/Proyectos/SIMDE/node_modules/@types/react/index.d.ts
(2741,32): error TS2304: Cannot find name 'HTMLElement'.

ERROR in /home/adrianabreu/Proyectos/SIMDE/node_modules/@types/react/index.d.ts
(2742,35): error TS2304: Cannot find name 'HTMLBaseElement'.

ERROR in /home/adrianabreu/Proyectos/SIMDE/node_modules/@types/react/index.d.ts
(2743,34): error TS2304: Cannot find name 'HTMLElement'.

ERROR in /home/adrianabreu/Proyectos/SIMDE/node_modules/@types/react/index.d.ts
(2744,34): error TS2304: Cannot find name 'HTMLElement'.

ERROR in /home/adrianabreu/Proyectos/SIMDE/node_modules/@types/react/index.d.ts
(2745,34): error TS2304: Cannot find name 'HTMLElement'.

ERROR in /home/adrianabreu/Proyectos/SIMDE/node_modules/@types/react/index.d.ts
(2746,41): error TS2304: Cannot find name 'HTMLElement'.

ERROR in /home/adrianabreu/Proyectos/SIMDE/node_modules/@types/react/index.d.ts
(2747,35): error TS2304: Cannot find name 'HTMLBodyElement'.

ERROR in /home/adrianabreu/Proyectos/SIMDE/node_modules/@types/react/index.d.ts
(2748,33): error TS2304: Cannot find name 'HTMLBRElement'.

ERROR in /home/adrianabreu/Proyectos/SIMDE/node_modules/@types/react/index.d.ts
(2749,37): error TS2304: Cannot find name 'HTMLButtonElement'.

ERROR in /home/adrianabreu/Proyectos/SIMDE/node_modules/@types/react/index.d.ts
(2750,37): error TS2304: Cannot find name 'HTMLCanvasElement'.

ERROR in /home/adrianabreu/Proyectos/SIMDE/node_modules/@types/react/index.d.ts
(2751,38): error TS2304: Cannot find name 'HTMLElement'.

ERROR in /home/adrianabreu/Proyectos/SIMDE/node_modules/@types/react/index.d.ts
(2752,35): error TS2304: Cannot find name 'HTMLElement'.

ERROR in /home/adrianabreu/Proyectos/SIMDE/node_modules/@types/react/index.d.ts
(2753,35): error TS2304: Cannot find name 'HTMLElement'.

ERROR in /home/adrianabreu/Proyectos/SIMDE/node_modules/@types/react/index.d.ts
(2754,34): error TS2304: Cannot find name 'HTMLTableColElement'.

ERROR in /home/adrianabreu/Proyectos/SIMDE/node_modules/@types/react/index.d.ts
(2755,39): error TS2304: Cannot find name 'HTMLTableColElement'.

ERROR in /home/adrianabreu/Proyectos/SIMDE/node_modules/@types/react/index.d.ts
(2756,35): error TS2304: Cannot find name 'HTMLElement'.

ERROR in /home/adrianabreu/Proyectos/SIMDE/node_modules/@types/react/index.d.ts
(2757,39): error TS2304: Cannot find name 'HTMLDataListElement'.

ERROR in /home/adrianabreu/Proyectos/SIMDE/node_modules/@types/react/index.d.ts
(2758,33): error TS2304: Cannot find name 'HTMLElement'.

ERROR in /home/adrianabreu/Proyectos/SIMDE/node_modules/@types/react/index.d.ts
(2759,34): error TS2304: Cannot find name 'HTMLElement'.

ERROR in /home/adrianabreu/Proyectos/SIMDE/node_modules/@types/react/index.d.ts
(2760,38): error TS2304: Cannot find name 'HTMLElement'.

ERROR in /home/adrianabreu/Proyectos/SIMDE/node_modules/@types/react/index.d.ts
(2761,34): error TS2304: Cannot find name 'HTMLElement'.

ERROR in /home/adrianabreu/Proyectos/SIMDE/node_modules/@types/react/index.d.ts
(2762,37): error TS2304: Cannot find name 'HTMLElement'.

ERROR in /home/adrianabreu/Proyectos/SIMDE/node_modules/@types/react/index.d.ts
(2763,34): error TS2304: Cannot find name 'HTMLDivElement'.

ERROR in /home/adrianabreu/Proyectos/SIMDE/node_modules/@types/react/index.d.ts
(2764,33): error TS2304: Cannot find name 'HTMLDListElement'.

ERROR in /home/adrianabreu/Proyectos/SIMDE/node_modules/@types/react/index.d.ts
(2765,33): error TS2304: Cannot find name 'HTMLElement'.

ERROR in /home/adrianabreu/Proyectos/SIMDE/node_modules/@types/react/index.d.ts
(2766,33): error TS2304: Cannot find name 'HTMLElement'.

ERROR in /home/adrianabreu/Proyectos/SIMDE/node_modules/@types/react/index.d.ts
(2767,36): error TS2304: Cannot find name 'HTMLEmbedElement'.

ERROR in /home/adrianabreu/Proyectos/SIMDE/node_modules/@types/react/index.d.ts
(2768,39): error TS2304: Cannot find name 'HTMLFieldSetElement'.

ERROR in /home/adrianabreu/Proyectos/SIMDE/node_modules/@types/react/index.d.ts
(2769,41): error TS2304: Cannot find name 'HTMLElement'.

ERROR in /home/adrianabreu/Proyectos/SIMDE/node_modules/@types/react/index.d.ts
(2770,37): error TS2304: Cannot find name 'HTMLElement'.

ERROR in /home/adrianabreu/Proyectos/SIMDE/node_modules/@types/react/index.d.ts
(2771,37): error TS2304: Cannot find name 'HTMLElement'.

ERROR in /home/adrianabreu/Proyectos/SIMDE/node_modules/@types/react/index.d.ts
(2772,35): error TS2304: Cannot find name 'HTMLFormElement'.

ERROR in /home/adrianabreu/Proyectos/SIMDE/node_modules/@types/react/index.d.ts
(2773,33): error TS2304: Cannot find name 'HTMLHeadingElement'.

ERROR in /home/adrianabreu/Proyectos/SIMDE/node_modules/@types/react/index.d.ts
(2774,33): error TS2304: Cannot find name 'HTMLHeadingElement'.

ERROR in /home/adrianabreu/Proyectos/SIMDE/node_modules/@types/react/index.d.ts
(2775,33): error TS2304: Cannot find name 'HTMLHeadingElement'.

ERROR in /home/adrianabreu/Proyectos/SIMDE/node_modules/@types/react/index.d.ts
(2776,33): error TS2304: Cannot find name 'HTMLHeadingElement'.

ERROR in /home/adrianabreu/Proyectos/SIMDE/node_modules/@types/react/index.d.ts
(2777,33): error TS2304: Cannot find name 'HTMLHeadingElement'.

ERROR in /home/adrianabreu/Proyectos/SIMDE/node_modules/@types/react/index.d.ts
(2778,33): error TS2304: Cannot find name 'HTMLHeadingElement'.

ERROR in /home/adrianabreu/Proyectos/SIMDE/node_modules/@types/react/index.d.ts
(2779,35): error TS2304: Cannot find name 'HTMLHeadElement'.

ERROR in /home/adrianabreu/Proyectos/SIMDE/node_modules/@types/react/index.d.ts
(2780,37): error TS2304: Cannot find name 'HTMLElement'.

ERROR in /home/adrianabreu/Proyectos/SIMDE/node_modules/@types/react/index.d.ts
(2781,37): error TS2304: Cannot find name 'HTMLElement'.

ERROR in /home/adrianabreu/Proyectos/SIMDE/node_modules/@types/react/index.d.ts
(2782,33): error TS2304: Cannot find name 'HTMLHRElement'.

ERROR in /home/adrianabreu/Proyectos/SIMDE/node_modules/@types/react/index.d.ts
(2783,35): error TS2304: Cannot find name 'HTMLHtmlElement'.

ERROR in /home/adrianabreu/Proyectos/SIMDE/node_modules/@types/react/index.d.ts
(2784,32): error TS2304: Cannot find name 'HTMLElement'.

ERROR in /home/adrianabreu/Proyectos/SIMDE/node_modules/@types/react/index.d.ts
(2785,37): error TS2304: Cannot find name 'HTMLIFrameElement'.

ERROR in /home/adrianabreu/Proyectos/SIMDE/node_modules/@types/react/index.d.ts
(2786,34): error TS2304: Cannot find name 'HTMLImageElement'.

ERROR in /home/adrianabreu/Proyectos/SIMDE/node_modules/@types/react/index.d.ts
(2787,48): error TS2304: Cannot find name 'HTMLInputElement'.

ERROR in /home/adrianabreu/Proyectos/SIMDE/node_modules/@types/react/index.d.ts
(2788,34): error TS2304: Cannot find name 'HTMLModElement'.

ERROR in /home/adrianabreu/Proyectos/SIMDE/node_modules/@types/react/index.d.ts
(2789,34): error TS2304: Cannot find name 'HTMLElement'.

ERROR in /home/adrianabreu/Proyectos/SIMDE/node_modules/@types/react/index.d.ts
(2790,37): error TS2304: Cannot find name 'HTMLElement'.

ERROR in /home/adrianabreu/Proyectos/SIMDE/node_modules/@types/react/index.d.ts
(2791,36): error TS2304: Cannot find name 'HTMLLabelElement'.

ERROR in /home/adrianabreu/Proyectos/SIMDE/node_modules/@types/react/index.d.ts
(2792,37): error TS2304: Cannot find name 'HTMLLegendElement'.

ERROR in /home/adrianabreu/Proyectos/SIMDE/node_modules/@types/react/index.d.ts
(2793,33): error TS2304: Cannot find name 'HTMLLIElement'.

ERROR in /home/adrianabreu/Proyectos/SIMDE/node_modules/@types/react/index.d.ts
(2794,35): error TS2304: Cannot find name 'HTMLLinkElement'.

ERROR in /home/adrianabreu/Proyectos/SIMDE/node_modules/@types/react/index.d.ts
(2795,35): error TS2304: Cannot find name 'HTMLElement'.

ERROR in /home/adrianabreu/Proyectos/SIMDE/node_modules/@types/react/index.d.ts
(2796,34): error TS2304: Cannot find name 'HTMLMapElement'.

ERROR in /home/adrianabreu/Proyectos/SIMDE/node_modules/@types/react/index.d.ts
(2797,35): error TS2304: Cannot find name 'HTMLElement'.

ERROR in /home/adrianabreu/Proyectos/SIMDE/node_modules/@types/react/index.d.ts
(2798,35): error TS2304: Cannot find name 'HTMLElement'.

ERROR in /home/adrianabreu/Proyectos/SIMDE/node_modules/@types/react/index.d.ts
(2799,39): error TS2304: Cannot find name 'HTMLElement'.

ERROR in /home/adrianabreu/Proyectos/SIMDE/node_modules/@types/react/index.d.ts
(2800,35): error TS2304: Cannot find name 'HTMLMetaElement'.

ERROR in /home/adrianabreu/Proyectos/SIMDE/node_modules/@types/react/index.d.ts
(2801,36): error TS2304: Cannot find name 'HTMLElement'.

ERROR in /home/adrianabreu/Proyectos/SIMDE/node_modules/@types/react/index.d.ts
(2802,34): error TS2304: Cannot find name 'HTMLElement'.

ERROR in /home/adrianabreu/Proyectos/SIMDE/node_modules/@types/react/index.d.ts
(2803,38): error TS2304: Cannot find name 'HTMLElement'.

ERROR in /home/adrianabreu/Proyectos/SIMDE/node_modules/@types/react/index.d.ts
(2804,39): error TS2304: Cannot find name 'HTMLElement'.

ERROR in /home/adrianabreu/Proyectos/SIMDE/node_modules/@types/react/index.d.ts
(2805,37): error TS2304: Cannot find name 'HTMLObjectElement'.

ERROR in /home/adrianabreu/Proyectos/SIMDE/node_modules/@types/react/index.d.ts
(2806,33): error TS2304: Cannot find name 'HTMLOListElement'.

ERROR in /home/adrianabreu/Proyectos/SIMDE/node_modules/@types/react/index.d.ts
(2807,39): error TS2304: Cannot find name 'HTMLOptGroupElement'.

ERROR in /home/adrianabreu/Proyectos/SIMDE/node_modules/@types/react/index.d.ts
(2808,37): error TS2304: Cannot find name 'HTMLOptionElement'.

ERROR in /home/adrianabreu/Proyectos/SIMDE/node_modules/@types/react/index.d.ts
(2809,37): error TS2304: Cannot find name 'HTMLElement'.

ERROR in /home/adrianabreu/Proyectos/SIMDE/node_modules/@types/react/index.d.ts
(2810,32): error TS2304: Cannot find name 'HTMLParagraphElement'.

ERROR in /home/adrianabreu/Proyectos/SIMDE/node_modules/@types/react/index.d.ts
(2811,36): error TS2304: Cannot find name 'HTMLParamElement'.

ERROR in /home/adrianabreu/Proyectos/SIMDE/node_modules/@types/react/index.d.ts
(2812,38): error TS2304: Cannot find name 'HTMLElement'.

ERROR in /home/adrianabreu/Proyectos/SIMDE/node_modules/@types/react/index.d.ts
(2813,34): error TS2304: Cannot find name 'HTMLPreElement'.

ERROR in /home/adrianabreu/Proyectos/SIMDE/node_modules/@types/react/index.d.ts
(2814,39): error TS2304: Cannot find name 'HTMLProgressElement'.

ERROR in /home/adrianabreu/Proyectos/SIMDE/node_modules/@types/react/index.d.ts
(2815,32): error TS2304: Cannot find name 'HTMLQuoteElement'.

ERROR in /home/adrianabreu/Proyectos/SIMDE/node_modules/@types/react/index.d.ts
(2816,33): error TS2304: Cannot find name 'HTMLElement'.

ERROR in /home/adrianabreu/Proyectos/SIMDE/node_modules/@types/react/index.d.ts
(2817,33): error TS2304: Cannot find name 'HTMLElement'.

ERROR in /home/adrianabreu/Proyectos/SIMDE/node_modules/@types/react/index.d.ts
(2818,35): error TS2304: Cannot find name 'HTMLElement'.

ERROR in /home/adrianabreu/Proyectos/SIMDE/node_modules/@types/react/index.d.ts
(2819,32): error TS2304: Cannot find name 'HTMLElement'.

ERROR in /home/adrianabreu/Proyectos/SIMDE/node_modules/@types/react/index.d.ts
(2820,35): error TS2304: Cannot find name 'HTMLElement'.

ERROR in /home/adrianabreu/Proyectos/SIMDE/node_modules/@types/react/index.d.ts
(2821,37): error TS2304: Cannot find name 'HTMLElement'.

ERROR in /home/adrianabreu/Proyectos/SIMDE/node_modules/@types/react/index.d.ts
(2822,38): error TS2304: Cannot find name 'HTMLElement'.

ERROR in /home/adrianabreu/Proyectos/SIMDE/node_modules/@types/react/index.d.ts
(2823,49): error TS2304: Cannot find name 'HTMLSelectElement'.

ERROR in /home/adrianabreu/Proyectos/SIMDE/node_modules/@types/react/index.d.ts
(2824,36): error TS2304: Cannot find name 'HTMLElement'.

ERROR in /home/adrianabreu/Proyectos/SIMDE/node_modules/@types/react/index.d.ts
(2825,37): error TS2304: Cannot find name 'HTMLSourceElement'.

ERROR in /home/adrianabreu/Proyectos/SIMDE/node_modules/@types/react/index.d.ts
(2826,35): error TS2304: Cannot find name 'HTMLSpanElement'.

ERROR in /home/adrianabreu/Proyectos/SIMDE/node_modules/@types/react/index.d.ts
(2827,37): error TS2304: Cannot find name 'HTMLElement'.

ERROR in /home/adrianabreu/Proyectos/SIMDE/node_modules/@types/react/index.d.ts
(2828,36): error TS2304: Cannot find name 'HTMLStyleElement'.

ERROR in /home/adrianabreu/Proyectos/SIMDE/node_modules/@types/react/index.d.ts
(2829,34): error TS2304: Cannot find name 'HTMLElement'.

ERROR in /home/adrianabreu/Proyectos/SIMDE/node_modules/@types/react/index.d.ts
(2830,38): error TS2304: Cannot find name 'HTMLElement'.

ERROR in /home/adrianabreu/Proyectos/SIMDE/node_modules/@types/react/index.d.ts
(2831,34): error TS2304: Cannot find name 'HTMLElement'.

ERROR in /home/adrianabreu/Proyectos/SIMDE/node_modules/@types/react/index.d.ts
(2832,36): error TS2304: Cannot find name 'HTMLTableElement'.

ERROR in /home/adrianabreu/Proyectos/SIMDE/node_modules/@types/react/index.d.ts
(2833,36): error TS2304: Cannot find name 'HTMLTableSectionElement'.

ERROR in /home/adrianabreu/Proyectos/SIMDE/node_modules/@types/react/index.d.ts
(2834,33): error TS2304: Cannot find name 'HTMLTableDataCellElement'.

ERROR in /home/adrianabreu/Proyectos/SIMDE/node_modules/@types/react/index.d.ts
(2835,51): error TS2304: Cannot find name 'HTMLTextAreaElement'.

ERROR in /home/adrianabreu/Proyectos/SIMDE/node_modules/@types/react/index.d.ts
(2836,36): error TS2304: Cannot find name 'HTMLTableSectionElement'.

ERROR in /home/adrianabreu/Proyectos/SIMDE/node_modules/@types/react/index.d.ts
(2837,33): error TS2304: Cannot find name 'HTMLTableHeaderCellElement'.

ERROR in /home/adrianabreu/Proyectos/SIMDE/node_modules/@types/react/index.d.ts
(2838,36): error TS2304: Cannot find name 'HTMLTableSectionElement'.

ERROR in /home/adrianabreu/Proyectos/SIMDE/node_modules/@types/react/index.d.ts
(2839,35): error TS2304: Cannot find name 'HTMLElement'.

ERROR in /home/adrianabreu/Proyectos/SIMDE/node_modules/@types/react/index.d.ts
(2840,36): error TS2304: Cannot find name 'HTMLTitleElement'.

ERROR in /home/adrianabreu/Proyectos/SIMDE/node_modules/@types/react/index.d.ts
(2841,33): error TS2304: Cannot find name 'HTMLTableRowElement'.

ERROR in /home/adrianabreu/Proyectos/SIMDE/node_modules/@types/react/index.d.ts
(2842,36): error TS2304: Cannot find name 'HTMLTrackElement'.

ERROR in /home/adrianabreu/Proyectos/SIMDE/node_modules/@types/react/index.d.ts
(2843,32): error TS2304: Cannot find name 'HTMLElement'.

ERROR in /home/adrianabreu/Proyectos/SIMDE/node_modules/@types/react/index.d.ts
(2844,33): error TS2304: Cannot find name 'HTMLUListElement'.

ERROR in /home/adrianabreu/Proyectos/SIMDE/node_modules/@types/react/index.d.ts
(2845,36): error TS2304: Cannot find name 'HTMLElement'.

ERROR in /home/adrianabreu/Proyectos/SIMDE/node_modules/@types/react/index.d.ts
(2846,36): error TS2304: Cannot find name 'HTMLVideoElement'.

ERROR in /home/adrianabreu/Proyectos/SIMDE/node_modules/@types/react/index.d.ts
(2847,34): error TS2304: Cannot find name 'HTMLElement'.

ERROR in /home/adrianabreu/Proyectos/SIMDE/node_modules/@types/react/index.d.ts
(2850,33): error TS2304: Cannot find name 'SVGSVGElement'.

ERROR in /home/adrianabreu/Proyectos/SIMDE/node_modules/@types/react/index.d.ts
(2852,37): error TS2304: Cannot find name 'SVGElement'.

ERROR in /home/adrianabreu/Proyectos/SIMDE/node_modules/@types/react/index.d.ts
(2853,36): error TS2304: Cannot find name 'SVGCircleElement'.

ERROR in /home/adrianabreu/Proyectos/SIMDE/node_modules/@types/react/index.d.ts
(2854,38): error TS2304: Cannot find name 'SVGClipPathElement'.

ERROR in /home/adrianabreu/Proyectos/SIMDE/node_modules/@types/react/index.d.ts
(2855,34): error TS2304: Cannot find name 'SVGDefsElement'.

ERROR in /home/adrianabreu/Proyectos/SIMDE/node_modules/@types/react/index.d.ts
(2856,34): error TS2304: Cannot find name 'SVGDescElement'.

ERROR in /home/adrianabreu/Proyectos/SIMDE/node_modules/@types/react/index.d.ts
(2857,37): error TS2304: Cannot find name 'SVGEllipseElement'.

ERROR in /home/adrianabreu/Proyectos/SIMDE/node_modules/@types/react/index.d.ts
(2858,37): error TS2304: Cannot find name 'SVGFEBlendElement'.

ERROR in /home/adrianabreu/Proyectos/SIMDE/node_modules/@types/react/index.d.ts
(2859,43): error TS2304: Cannot find name 'SVGFEColorMatrixElement'.

ERROR in /home/adrianabreu/Proyectos/SIMDE/node_modules/@types/react/index.d.ts
(2860,49): error TS2304: Cannot find name 'SVGFEComponentTransferElement'.

ERROR in /home/adrianabreu/Proyectos/SIMDE/node_modules/@types/react/index.d.ts
(2861,41): error TS2304: Cannot find name 'SVGFECompositeElement'.

ERROR in /home/adrianabreu/Proyectos/SIMDE/node_modules/@types/react/index.d.ts
(2862,46): error TS2304: Cannot find name 'SVGFEConvolveMatrixElement'.

ERROR in /home/adrianabreu/Proyectos/SIMDE/node_modules/@types/react/index.d.ts
(2863,47): error TS2304: Cannot find name 'SVGFEDiffuseLightingElement'.

ERROR in /home/adrianabreu/Proyectos/SIMDE/node_modules/@types/react/index.d.ts
(2864,47): error TS2304: Cannot find name 'SVGFEDisplacementMapElement'.

ERROR in /home/adrianabreu/Proyectos/SIMDE/node_modules/@types/react/index.d.ts
(2865,44): error TS2304: Cannot find name 'SVGFEDistantLightElement'.

ERROR in /home/adrianabreu/Proyectos/SIMDE/node_modules/@types/react/index.d.ts
(2866,37): error TS2304: Cannot find name 'SVGFEFloodElement'.

ERROR in /home/adrianabreu/Proyectos/SIMDE/node_modules/@types/react/index.d.ts
(2867,37): error TS2304: Cannot find name 'SVGFEFuncAElement'.

ERROR in /home/adrianabreu/Proyectos/SIMDE/node_modules/@types/react/index.d.ts
(2868,37): error TS2304: Cannot find name 'SVGFEFuncBElement'.

ERROR in /home/adrianabreu/Proyectos/SIMDE/node_modules/@types/react/index.d.ts
(2869,37): error TS2304: Cannot find name 'SVGFEFuncGElement'.

ERROR in /home/adrianabreu/Proyectos/SIMDE/node_modules/@types/react/index.d.ts
(2870,37): error TS2304: Cannot find name 'SVGFEFuncRElement'.

ERROR in /home/adrianabreu/Proyectos/SIMDE/node_modules/@types/react/index.d.ts
(2871,44): error TS2304: Cannot find name 'SVGFEGaussianBlurElement'.

ERROR in /home/adrianabreu/Proyectos/SIMDE/node_modules/@types/react/index.d.ts
(2872,37): error TS2304: Cannot find name 'SVGFEImageElement'.

ERROR in /home/adrianabreu/Proyectos/SIMDE/node_modules/@types/react/index.d.ts
(2873,37): error TS2304: Cannot find name 'SVGFEMergeElement'.

ERROR in /home/adrianabreu/Proyectos/SIMDE/node_modules/@types/react/index.d.ts
(2874,41): error TS2304: Cannot find name 'SVGFEMergeNodeElement'.

ERROR in /home/adrianabreu/Proyectos/SIMDE/node_modules/@types/react/index.d.ts
(2875,42): error TS2304: Cannot find name 'SVGFEMorphologyElement'.

ERROR in /home/adrianabreu/Proyectos/SIMDE/node_modules/@types/react/index.d.ts
(2876,38): error TS2304: Cannot find name 'SVGFEOffsetElement'.

ERROR in /home/adrianabreu/Proyectos/SIMDE/node_modules/@types/react/index.d.ts
(2877,42): error TS2304: Cannot find name 'SVGFEPointLightElement'.

ERROR in /home/adrianabreu/Proyectos/SIMDE/node_modules/@types/react/index.d.ts
(2878,48): error TS2304: Cannot find name 'SVGFESpecularLightingElement'.

ERROR in /home/adrianabreu/Proyectos/SIMDE/node_modules/@types/react/index.d.ts
(2879,41): error TS2304: Cannot find name 'SVGFESpotLightElement'.

ERROR in /home/adrianabreu/Proyectos/SIMDE/node_modules/@types/react/index.d.ts
(2880,36): error TS2304: Cannot find name 'SVGFETileElement'.

ERROR in /home/adrianabreu/Proyectos/SIMDE/node_modules/@types/react/index.d.ts
(2881,42): error TS2304: Cannot find name 'SVGFETurbulenceElement'.

ERROR in /home/adrianabreu/Proyectos/SIMDE/node_modules/@types/react/index.d.ts
(2882,36): error TS2304: Cannot find name 'SVGFilterElement'.

ERROR in /home/adrianabreu/Proyectos/SIMDE/node_modules/@types/react/index.d.ts
(2883,43): error TS2304: Cannot find name 'SVGForeignObjectElement'.

ERROR in /home/adrianabreu/Proyectos/SIMDE/node_modules/@types/react/index.d.ts
(2884,31): error TS2304: Cannot find name 'SVGGElement'.

ERROR in /home/adrianabreu/Proyectos/SIMDE/node_modules/@types/react/index.d.ts
(2885,35): error TS2304: Cannot find name 'SVGImageElement'.

ERROR in /home/adrianabreu/Proyectos/SIMDE/node_modules/@types/react/index.d.ts
(2886,34): error TS2304: Cannot find name 'SVGLineElement'.

ERROR in /home/adrianabreu/Proyectos/SIMDE/node_modules/@types/react/index.d.ts
(2887,44): error TS2304: Cannot find name 'SVGLinearGradientElement'.

ERROR in /home/adrianabreu/Proyectos/SIMDE/node_modules/@types/react/index.d.ts
(2888,36): error TS2304: Cannot find name 'SVGMarkerElement'.

ERROR in /home/adrianabreu/Proyectos/SIMDE/node_modules/@types/react/index.d.ts
(2889,34): error TS2304: Cannot find name 'SVGMaskElement'.

ERROR in /home/adrianabreu/Proyectos/SIMDE/node_modules/@types/react/index.d.ts
(2890,38): error TS2304: Cannot find name 'SVGMetadataElement'.

ERROR in /home/adrianabreu/Proyectos/SIMDE/node_modules/@types/react/index.d.ts
(2891,34): error TS2304: Cannot find name 'SVGPathElement'.

ERROR in /home/adrianabreu/Proyectos/SIMDE/node_modules/@types/react/index.d.ts
(2892,37): error TS2304: Cannot find name 'SVGPatternElement'.

ERROR in /home/adrianabreu/Proyectos/SIMDE/node_modules/@types/react/index.d.ts
(2893,37): error TS2304: Cannot find name 'SVGPolygonElement'.

ERROR in /home/adrianabreu/Proyectos/SIMDE/node_modules/@types/react/index.d.ts
(2894,38): error TS2304: Cannot find name 'SVGPolylineElement'.

ERROR in /home/adrianabreu/Proyectos/SIMDE/node_modules/@types/react/index.d.ts
(2895,44): error TS2304: Cannot find name 'SVGRadialGradientElement'.

ERROR in /home/adrianabreu/Proyectos/SIMDE/node_modules/@types/react/index.d.ts
(2896,34): error TS2304: Cannot find name 'SVGRectElement'.

ERROR in /home/adrianabreu/Proyectos/SIMDE/node_modules/@types/react/index.d.ts
(2897,34): error TS2304: Cannot find name 'SVGStopElement'.

ERROR in /home/adrianabreu/Proyectos/SIMDE/node_modules/@types/react/index.d.ts
(2898,36): error TS2304: Cannot find name 'SVGSwitchElement'.

ERROR in /home/adrianabreu/Proyectos/SIMDE/node_modules/@types/react/index.d.ts
(2899,36): error TS2304: Cannot find name 'SVGSymbolElement'.

ERROR in /home/adrianabreu/Proyectos/SIMDE/node_modules/@types/react/index.d.ts
(2900,34): error TS2304: Cannot find name 'SVGTextElement'.

ERROR in /home/adrianabreu/Proyectos/SIMDE/node_modules/@types/react/index.d.ts
(2901,38): error TS2304: Cannot find name 'SVGTextPathElement'.

ERROR in /home/adrianabreu/Proyectos/SIMDE/node_modules/@types/react/index.d.ts
(2902,35): error TS2304: Cannot find name 'SVGTSpanElement'.

ERROR in /home/adrianabreu/Proyectos/SIMDE/node_modules/@types/react/index.d.ts
(2903,33): error TS2304: Cannot find name 'SVGUseElement'.

ERROR in /home/adrianabreu/Proyectos/SIMDE/node_modules/@types/react/index.d.ts
(2904,34): error TS2304: Cannot find name 'SVGViewElement'.

ERROR in /home/adrianabreu/Proyectos/SIMDE/src/test/Queue.spec.ts
(2,23): error TS2306: File '/home/adrianabreu/Proyectos/SIMDE/src/core/collections/Queue.ts' is not a module.

ERROR in /home/adrianabreu/Proyectos/SIMDE/src/test/Code.spec.ts
(2,24): error TS2306: File '/home/adrianabreu/Proyectos/SIMDE/src/core/Parser.ts' is not a module.

ERROR in /home/adrianabreu/Proyectos/SIMDE/src/test/Code.spec.ts
(3,22): error TS2306: File '/home/adrianabreu/Proyectos/SIMDE/src/core/Code.ts' is not a module.

ERROR in ./src/core/Superescalar.ts
(17,36): error TS2339: Property 'ISSUE_DEF' does not exist on type '() => any'.

ERROR in ./src/core/Superescalar.ts
(20,55): error TS2339: Property 'PREDTABLEBITS' does not exist on type '() => any'.

ERROR in ./src/core/Superescalar.ts
(618,42): error TS2339: Property 'PREDTABLESIZE' does not exist on type '() => any'.

ERROR in ./src/core/Superescalar.ts
(638,60): error TS2339: Property 'PREDTABLESIZE' does not exist on type '() => any'.

ERROR in ./src/core/Superescalar.ts
(638,91): error TS2339: Property 'PREDBITS' does not exist on type '() => any'.

ERROR in ./src/core/Superescalar.ts
(742,14): error TS2339: Property 'PREDBITS' does not exist on type '() => any'.

ERROR in ./src/core/Superescalar.ts
(743,14): error TS2339: Property 'PREDTABLEBITS' does not exist on type '() => any'.

ERROR in ./src/core/Superescalar.ts
(744,14): error TS2339: Property 'PREDTABLESIZE' does not exist on type '() => any'.

ERROR in ./src/core/Superescalar.ts
(744,48): error TS2339: Property 'PREDTABLEBITS' does not exist on type '() => any'.

ERROR in ./src/core/Superescalar.ts
(745,14): error TS2339: Property 'ISSUE_DEF' does not exist on type '() => any'.

ERROR in ./src/core/Superescalar.ts
(746,14): error TS2339: Property 'ISSUE_MIN' does not exist on type '() => any'.

ERROR in ./src/core/Superescalar.ts
(747,14): error TS2339: Property 'ISSUE_MAX' does not exist on type '() => any'.

ERROR in ./src/core/Register.ts
(4,40): error TS2339: Property 'REGISTRY_NUMBER' does not exist on type '() => void'.

ERROR in ./src/core/Register.ts
(5,43): error TS2339: Property 'REGISTRY_NUMBER' does not exist on type '() => void'.

ERROR in ./src/core/Register.ts
(6,44): error TS2339: Property 'REGISTRY_NUMBER' does not exist on type '() => void'.

ERROR in ./src/core/Register.ts
(51,25): error TS2339: Property 'REGISTRY_NUMBER' does not exist on type '() => void'.

ERROR in ./src/core/Register.ts
(64,38): error TS2339: Property 'REGISTRY_NUMBER' does not exist on type '() => void'.

ERROR in ./src/core/Register.ts
(73,10): error TS2339: Property 'REGISTRY_NUMBER' does not exist on type '() => void'.

ERROR in ./src/core/Memory.ts
(5,38): error TS2339: Property 'MEMORY_NUMBER' does not exist on type '() => void'.

ERROR in ./src/core/Memory.ts
(6,38): error TS2339: Property 'MEMORY_NUMBER' does not exist on type '() => void'.

ERROR in ./src/core/Memory.ts
(69,8): error TS2339: Property 'MEMORY_NUMBER' does not exist on type '() => void'.

ERROR in ./src/core/Machine.ts
(9,48): error TS2339: Property 'LAT_DEF' does not exist on type '() => void'.

ERROR in ./src/core/Machine.ts
(10,46): error TS2339: Property 'NUF_DEF' does not exist on type '() => void'.

ERROR in ./src/core/Machine.ts
(11,42): error TS2339: Property 'MEMORYFAILLATENCYDEF' does not exist on type '() => void'.

ERROR in ./src/core/Machine.ts
(89,34): error TS2339: Property 'NGP' does not exist on type '() => void'.

ERROR in ./src/core/Machine.ts
(92,29): error TS2339: Property 'NGP' does not exist on type '() => void'.

ERROR in ./src/core/Machine.ts
(97,34): error TS2339: Property 'NGP' does not exist on type '() => void'.

ERROR in ./src/core/Machine.ts
(100,29): error TS2339: Property 'NGP' does not exist on type '() => void'.

ERROR in ./src/core/Machine.ts
(161,9): error TS2339: Property 'LAT_MAX' does not exist on type '() => void'.

ERROR in ./src/core/Machine.ts
(162,9): error TS2339: Property 'LAT_MIN' does not exist on type '() => void'.

ERROR in ./src/core/Machine.ts
(163,9): error TS2339: Property 'LAT_DEF' does not exist on type '() => void'.

ERROR in ./src/core/Machine.ts
(164,9): error TS2339: Property 'NUF_MAX' does not exist on type '() => void'.

ERROR in ./src/core/Machine.ts
(165,9): error TS2339: Property 'NUF_MIN' does not exist on type '() => void'.

ERROR in ./src/core/Machine.ts
(166,9): error TS2339: Property 'NUF_DEF' does not exist on type '() => void'.

ERROR in ./src/core/Machine.ts
(167,9): error TS2339: Property 'MEMORYFAILLATENCYDEF' does not exist on type '() => void'.

ERROR in ./src/core/Machine.ts
(168,9): error TS2339: Property 'MEMORYFAILLATENCYMIN' does not exist on type '() => void'.

ERROR in ./src/core/Machine.ts
(169,9): error TS2339: Property 'MEMORYFAILLATENCYMAX' does not exist on type '() => void'.

ERROR in ./src/core/Machine.ts
(170,9): error TS2339: Property 'WORD_SIZE' does not exist on type '() => void'.

ERROR in ./src/core/Machine.ts
(171,9): error TS2339: Property 'NGP' does not exist on type '() => void'.

ERROR in ./src/core/Machine.ts
(172,9): error TS2339: Property 'NFP' does not exist on type '() => void'.

ERROR in ./src/core/Code.ts
(41,10): error TS2339: Property 'opcodeToFunctionalUnitType' does not exist on type '() => void'.

ERROR in [at-loader] TS5053: Option 'sourceMap' cannot be specified with option 'inlineSourceMap'.

ERROR in [at-loader] ./node_modules/@types/react-dom/index.d.ts:15:39 
    TS2304: Cannot find name 'Element'.

ERROR in [at-loader] ./node_modules/@types/react-dom/index.d.ts:16:55 
    TS2304: Cannot find name 'Element'.

ERROR in [at-loader] ./node_modules/@types/react-dom/index.d.ts:18:62 
    TS2304: Cannot find name 'Element'.

ERROR in [at-loader] ./node_modules/@types/react-dom/index.d.ts:20:16 
    TS2304: Cannot find name 'Element'.

ERROR in [at-loader] ./node_modules/@types/react-dom/index.d.ts:25:16 
    TS2304: Cannot find name 'Element'.

ERROR in [at-loader] ./node_modules/@types/react-dom/index.d.ts:30:16 
    TS2304: Cannot find name 'Element'.

ERROR in [at-loader] ./node_modules/@types/react-dom/index.d.ts:35:16 
    TS2304: Cannot find name 'Element'.

ERROR in [at-loader] ./node_modules/@types/react-dom/index.d.ts:36:60 
    TS2304: Cannot find name 'Element'.

ERROR in [at-loader] ./node_modules/@types/react-dom/index.d.ts:37:35 
    TS2304: Cannot find name 'Element'.

ERROR in [at-loader] ./node_modules/@types/react-dom/index.d.ts:41:16 
    TS2304: Cannot find name 'Element'.

ERROR in [at-loader] ./node_modules/@types/react-dom/index.d.ts:45:51 
    TS2304: Cannot find name 'Element'.

ERROR in [at-loader] ./node_modules/@types/react-dom/index.d.ts:53:91 
    TS2304: Cannot find name 'Element'.

ERROR in [at-loader] ./node_modules/@types/react-dom/index.d.ts:56:16 
    TS2304: Cannot find name 'Element'.

ERROR in [at-loader] ./node_modules/@types/react-dom/index.d.ts:61:16 
    TS2304: Cannot find name 'Element'.

ERROR in [at-loader] ./node_modules/@types/react-dom/index.d.ts:66:16 
    TS2304: Cannot find name 'Element'.

ERROR in [at-loader] ./node_modules/@types/react-dom/index.d.ts:67:60 
    TS2304: Cannot find name 'Element'.

ERROR in [at-loader] ./node_modules/@types/react-dom/index.d.ts:67:109 
    TS2304: Cannot find name 'Element'.

ERROR in [at-loader] ./node_modules/@types/react/index.d.ts:7:29 
    TS2304: Cannot find name 'AnimationEvent'.

ERROR in [at-loader] ./node_modules/@types/react/index.d.ts:8:29 
    TS2304: Cannot find name 'ClipboardEvent'.

ERROR in [at-loader] ./node_modules/@types/react/index.d.ts:9:31 
    TS2304: Cannot find name 'CompositionEvent'.

ERROR in [at-loader] ./node_modules/@types/react/index.d.ts:10:24 
    TS2304: Cannot find name 'DragEvent'.

ERROR in [at-loader] ./node_modules/@types/react/index.d.ts:11:25 
    TS2304: Cannot find name 'FocusEvent'.

ERROR in [at-loader] ./node_modules/@types/react/index.d.ts:12:28 
    TS2304: Cannot find name 'KeyboardEvent'.

ERROR in [at-loader] ./node_modules/@types/react/index.d.ts:13:25 
    TS2304: Cannot find name 'MouseEvent'.

ERROR in [at-loader] ./node_modules/@types/react/index.d.ts:14:25 
    TS2304: Cannot find name 'TouchEvent'.

ERROR in [at-loader] ./node_modules/@types/react/index.d.ts:15:30 
    TS2304: Cannot find name 'TransitionEvent'.

ERROR in [at-loader] ./node_modules/@types/react/index.d.ts:16:22 
    TS2304: Cannot find name 'UIEvent'.

ERROR in [at-loader] ./node_modules/@types/react/index.d.ts:17:25 
    TS2304: Cannot find name 'WheelEvent'.

ERROR in [at-loader] ./node_modules/@types/react/index.d.ts:59:64 
    TS2304: Cannot find name 'Element'.

ERROR in [at-loader] ./node_modules/@types/react/index.d.ts:64:42 
    TS2304: Cannot find name 'HTMLElement'.

ERROR in [at-loader] ./node_modules/@types/react/index.d.ts:67:64 
    TS2304: Cannot find name 'SVGElement'.

ERROR in [at-loader] ./node_modules/@types/react/index.d.ts:67:77 
    TS2304: Cannot find name 'SVGElement'.

ERROR in [at-loader] ./node_modules/@types/react/index.d.ts:89:64 
    TS2304: Cannot find name 'Element'.

ERROR in [at-loader] ./node_modules/@types/react/index.d.ts:93:37 
    TS2304: Cannot find name 'HTMLElement'.

ERROR in [at-loader] ./node_modules/@types/react/index.d.ts:96:49 
    TS2304: Cannot find name 'HTMLElement'.

ERROR in [at-loader] ./node_modules/@types/react/index.d.ts:99:59 
    TS2304: Cannot find name 'SVGElement'.

ERROR in [at-loader] ./node_modules/@types/react/index.d.ts:99:72 
    TS2304: Cannot find name 'SVGElement'.

ERROR in [at-loader] ./node_modules/@types/react/index.d.ts:120:66 
    TS2304: Cannot find name 'Element'.

ERROR in [at-loader] ./node_modules/@types/react/index.d.ts:129:66 
    TS2304: Cannot find name 'Element'.

ERROR in [at-loader] ./node_modules/@types/react/index.d.ts:150:65 
    TS2304: Cannot find name 'Element'.

ERROR in [at-loader] ./node_modules/@types/react/index.d.ts:178:48 
    TS2304: Cannot find name 'Element'.

ERROR in [at-loader] ./node_modules/@types/react/index.d.ts:291:24 
    TS2304: Cannot find name 'EventTarget'.

ERROR in [at-loader] ./node_modules/@types/react/index.d.ts:296:22 
    TS2304: Cannot find name 'Event'.

ERROR in [at-loader] ./node_modules/@types/react/index.d.ts:303:17 
    TS2304: Cannot find name 'EventTarget'.

ERROR in [at-loader] ./node_modules/@types/react/index.d.ts:309:24 
    TS2304: Cannot find name 'DataTransfer'.

ERROR in [at-loader] ./node_modules/@types/react/index.d.ts:319:23 
    TS2304: Cannot find name 'DataTransfer'.

ERROR in [at-loader] ./node_modules/@types/react/index.d.ts:325:24 
    TS2304: Cannot find name 'EventTarget'.

ERROR in [at-loader] ./node_modules/@types/react/index.d.ts:332:17 
    TS2304: Cannot find name 'EventTarget'.

ERROR in [at-loader] ./node_modules/@types/react/index.d.ts:363:24 
    TS2304: Cannot find name 'EventTarget'.

ERROR in [at-loader] ./node_modules/@types/react/index.d.ts:460:47 
    TS2304: Cannot find name 'HTMLElement'.

ERROR in [at-loader] ./node_modules/@types/react/index.d.ts:2232:52 
    TS2304: Cannot find name 'HTMLElement'.

ERROR in [at-loader] ./node_modules/@types/react/index.d.ts:2510:24 
    TS2304: Cannot find name 'HTMLAnchorElement'.

ERROR in [at-loader] ./node_modules/@types/react/index.d.ts:2511:27 
    TS2304: Cannot find name 'HTMLElement'.

ERROR in [at-loader] ./node_modules/@types/react/index.d.ts:2512:30 
    TS2304: Cannot find name 'HTMLElement'.

ERROR in [at-loader] ./node_modules/@types/react/index.d.ts:2513:27 
    TS2304: Cannot find name 'HTMLAreaElement'.

ERROR in [at-loader] ./node_modules/@types/react/index.d.ts:2514:30 
    TS2304: Cannot find name 'HTMLElement'.

ERROR in [at-loader] ./node_modules/@types/react/index.d.ts:2515:28 
    TS2304: Cannot find name 'HTMLElement'.

ERROR in [at-loader] ./node_modules/@types/react/index.d.ts:2516:28 
    TS2304: Cannot find name 'HTMLAudioElement'.

ERROR in [at-loader] ./node_modules/@types/react/index.d.ts:2517:24 
    TS2304: Cannot find name 'HTMLElement'.

ERROR in [at-loader] ./node_modules/@types/react/index.d.ts:2518:27 
    TS2304: Cannot find name 'HTMLBaseElement'.

ERROR in [at-loader] ./node_modules/@types/react/index.d.ts:2519:26 
    TS2304: Cannot find name 'HTMLElement'.

ERROR in [at-loader] ./node_modules/@types/react/index.d.ts:2520:26 
    TS2304: Cannot find name 'HTMLElement'.

ERROR in [at-loader] ./node_modules/@types/react/index.d.ts:2521:26 
    TS2304: Cannot find name 'HTMLElement'.

ERROR in [at-loader] ./node_modules/@types/react/index.d.ts:2522:33 
    TS2304: Cannot find name 'HTMLElement'.

ERROR in [at-loader] ./node_modules/@types/react/index.d.ts:2523:27 
    TS2304: Cannot find name 'HTMLBodyElement'.

ERROR in [at-loader] ./node_modules/@types/react/index.d.ts:2524:25 
    TS2304: Cannot find name 'HTMLBRElement'.

ERROR in [at-loader] ./node_modules/@types/react/index.d.ts:2525:29 
    TS2304: Cannot find name 'HTMLButtonElement'.

ERROR in [at-loader] ./node_modules/@types/react/index.d.ts:2526:29 
    TS2304: Cannot find name 'HTMLCanvasElement'.

ERROR in [at-loader] ./node_modules/@types/react/index.d.ts:2527:30 
    TS2304: Cannot find name 'HTMLElement'.

ERROR in [at-loader] ./node_modules/@types/react/index.d.ts:2528:27 
    TS2304: Cannot find name 'HTMLElement'.

ERROR in [at-loader] ./node_modules/@types/react/index.d.ts:2529:27 
    TS2304: Cannot find name 'HTMLElement'.

ERROR in [at-loader] ./node_modules/@types/react/index.d.ts:2530:26 
    TS2304: Cannot find name 'HTMLTableColElement'.

ERROR in [at-loader] ./node_modules/@types/react/index.d.ts:2531:31 
    TS2304: Cannot find name 'HTMLTableColElement'.

ERROR in [at-loader] ./node_modules/@types/react/index.d.ts:2532:27 
    TS2304: Cannot find name 'HTMLElement'.

ERROR in [at-loader] ./node_modules/@types/react/index.d.ts:2533:31 
    TS2304: Cannot find name 'HTMLDataListElement'.

ERROR in [at-loader] ./node_modules/@types/react/index.d.ts:2534:25 
    TS2304: Cannot find name 'HTMLElement'.

ERROR in [at-loader] ./node_modules/@types/react/index.d.ts:2535:26 
    TS2304: Cannot find name 'HTMLElement'.

ERROR in [at-loader] ./node_modules/@types/react/index.d.ts:2536:30 
    TS2304: Cannot find name 'HTMLElement'.

ERROR in [at-loader] ./node_modules/@types/react/index.d.ts:2537:26 
    TS2304: Cannot find name 'HTMLElement'.

ERROR in [at-loader] ./node_modules/@types/react/index.d.ts:2538:29 
    TS2304: Cannot find name 'HTMLElement'.

ERROR in [at-loader] ./node_modules/@types/react/index.d.ts:2539:26 
    TS2304: Cannot find name 'HTMLDivElement'.

ERROR in [at-loader] ./node_modules/@types/react/index.d.ts:2540:25 
    TS2304: Cannot find name 'HTMLDListElement'.

ERROR in [at-loader] ./node_modules/@types/react/index.d.ts:2541:25 
    TS2304: Cannot find name 'HTMLElement'.

ERROR in [at-loader] ./node_modules/@types/react/index.d.ts:2542:25 
    TS2304: Cannot find name 'HTMLElement'.

ERROR in [at-loader] ./node_modules/@types/react/index.d.ts:2543:28 
    TS2304: Cannot find name 'HTMLEmbedElement'.

ERROR in [at-loader] ./node_modules/@types/react/index.d.ts:2544:31 
    TS2304: Cannot find name 'HTMLFieldSetElement'.

ERROR in [at-loader] ./node_modules/@types/react/index.d.ts:2545:33 
    TS2304: Cannot find name 'HTMLElement'.

ERROR in [at-loader] ./node_modules/@types/react/index.d.ts:2546:29 
    TS2304: Cannot find name 'HTMLElement'.

ERROR in [at-loader] ./node_modules/@types/react/index.d.ts:2547:29 
    TS2304: Cannot find name 'HTMLElement'.

ERROR in [at-loader] ./node_modules/@types/react/index.d.ts:2548:27 
    TS2304: Cannot find name 'HTMLFormElement'.

ERROR in [at-loader] ./node_modules/@types/react/index.d.ts:2549:25 
    TS2304: Cannot find name 'HTMLHeadingElement'.

ERROR in [at-loader] ./node_modules/@types/react/index.d.ts:2550:25 
    TS2304: Cannot find name 'HTMLHeadingElement'.

ERROR in [at-loader] ./node_modules/@types/react/index.d.ts:2551:25 
    TS2304: Cannot find name 'HTMLHeadingElement'.

ERROR in [at-loader] ./node_modules/@types/react/index.d.ts:2552:25 
    TS2304: Cannot find name 'HTMLHeadingElement'.

ERROR in [at-loader] ./node_modules/@types/react/index.d.ts:2553:25 
    TS2304: Cannot find name 'HTMLHeadingElement'.

ERROR in [at-loader] ./node_modules/@types/react/index.d.ts:2554:25 
    TS2304: Cannot find name 'HTMLHeadingElement'.

ERROR in [at-loader] ./node_modules/@types/react/index.d.ts:2555:27 
    TS2304: Cannot find name 'HTMLHeadElement'.

ERROR in [at-loader] ./node_modules/@types/react/index.d.ts:2556:29 
    TS2304: Cannot find name 'HTMLElement'.

ERROR in [at-loader] ./node_modules/@types/react/index.d.ts:2557:29 
    TS2304: Cannot find name 'HTMLElement'.

ERROR in [at-loader] ./node_modules/@types/react/index.d.ts:2558:25 
    TS2304: Cannot find name 'HTMLHRElement'.

ERROR in [at-loader] ./node_modules/@types/react/index.d.ts:2559:27 
    TS2304: Cannot find name 'HTMLHtmlElement'.

ERROR in [at-loader] ./node_modules/@types/react/index.d.ts:2560:24 
    TS2304: Cannot find name 'HTMLElement'.

ERROR in [at-loader] ./node_modules/@types/react/index.d.ts:2561:29 
    TS2304: Cannot find name 'HTMLIFrameElement'.

ERROR in [at-loader] ./node_modules/@types/react/index.d.ts:2562:26 
    TS2304: Cannot find name 'HTMLImageElement'.

ERROR in [at-loader] ./node_modules/@types/react/index.d.ts:2563:40 
    TS2304: Cannot find name 'HTMLInputElement'.

ERROR in [at-loader] ./node_modules/@types/react/index.d.ts:2564:26 
    TS2304: Cannot find name 'HTMLModElement'.

ERROR in [at-loader] ./node_modules/@types/react/index.d.ts:2565:26 
    TS2304: Cannot find name 'HTMLElement'.

ERROR in [at-loader] ./node_modules/@types/react/index.d.ts:2566:29 
    TS2304: Cannot find name 'HTMLElement'.

ERROR in [at-loader] ./node_modules/@types/react/index.d.ts:2567:28 
    TS2304: Cannot find name 'HTMLLabelElement'.

ERROR in [at-loader] ./node_modules/@types/react/index.d.ts:2568:29 
    TS2304: Cannot find name 'HTMLLegendElement'.

ERROR in [at-loader] ./node_modules/@types/react/index.d.ts:2569:25 
    TS2304: Cannot find name 'HTMLLIElement'.

ERROR in [at-loader] ./node_modules/@types/react/index.d.ts:2570:27 
    TS2304: Cannot find name 'HTMLLinkElement'.

ERROR in [at-loader] ./node_modules/@types/react/index.d.ts:2571:27 
    TS2304: Cannot find name 'HTMLElement'.

ERROR in [at-loader] ./node_modules/@types/react/index.d.ts:2572:26 
    TS2304: Cannot find name 'HTMLMapElement'.

ERROR in [at-loader] ./node_modules/@types/react/index.d.ts:2573:27 
    TS2304: Cannot find name 'HTMLElement'.

ERROR in [at-loader] ./node_modules/@types/react/index.d.ts:2574:27 
    TS2304: Cannot find name 'HTMLElement'.

ERROR in [at-loader] ./node_modules/@types/react/index.d.ts:2575:31 
    TS2304: Cannot find name 'HTMLElement'.

ERROR in [at-loader] ./node_modules/@types/react/index.d.ts:2576:27 
    TS2304: Cannot find name 'HTMLMetaElement'.

ERROR in [at-loader] ./node_modules/@types/react/index.d.ts:2577:28 
    TS2304: Cannot find name 'HTMLElement'.

ERROR in [at-loader] ./node_modules/@types/react/index.d.ts:2578:26 
    TS2304: Cannot find name 'HTMLElement'.

ERROR in [at-loader] ./node_modules/@types/react/index.d.ts:2579:31 
    TS2304: Cannot find name 'HTMLElement'.

ERROR in [at-loader] ./node_modules/@types/react/index.d.ts:2580:29 
    TS2304: Cannot find name 'HTMLObjectElement'.

ERROR in [at-loader] ./node_modules/@types/react/index.d.ts:2581:25 
    TS2304: Cannot find name 'HTMLOListElement'.

ERROR in [at-loader] ./node_modules/@types/react/index.d.ts:2582:31 
    TS2304: Cannot find name 'HTMLOptGroupElement'.

ERROR in [at-loader] ./node_modules/@types/react/index.d.ts:2583:29 
    TS2304: Cannot find name 'HTMLOptionElement'.

ERROR in [at-loader] ./node_modules/@types/react/index.d.ts:2584:29 
    TS2304: Cannot find name 'HTMLElement'.

ERROR in [at-loader] ./node_modules/@types/react/index.d.ts:2585:24 
    TS2304: Cannot find name 'HTMLParagraphElement'.

ERROR in [at-loader] ./node_modules/@types/react/index.d.ts:2586:28 
    TS2304: Cannot find name 'HTMLParamElement'.

ERROR in [at-loader] ./node_modules/@types/react/index.d.ts:2587:30 
    TS2304: Cannot find name 'HTMLElement'.

ERROR in [at-loader] ./node_modules/@types/react/index.d.ts:2588:26 
    TS2304: Cannot find name 'HTMLPreElement'.

ERROR in [at-loader] ./node_modules/@types/react/index.d.ts:2589:31 
    TS2304: Cannot find name 'HTMLProgressElement'.

ERROR in [at-loader] ./node_modules/@types/react/index.d.ts:2590:24 
    TS2304: Cannot find name 'HTMLQuoteElement'.

ERROR in [at-loader] ./node_modules/@types/react/index.d.ts:2591:25 
    TS2304: Cannot find name 'HTMLElement'.

ERROR in [at-loader] ./node_modules/@types/react/index.d.ts:2592:25 
    TS2304: Cannot find name 'HTMLElement'.

ERROR in [at-loader] ./node_modules/@types/react/index.d.ts:2593:27 
    TS2304: Cannot find name 'HTMLElement'.

ERROR in [at-loader] ./node_modules/@types/react/index.d.ts:2594:24 
    TS2304: Cannot find name 'HTMLElement'.

ERROR in [at-loader] ./node_modules/@types/react/index.d.ts:2595:27 
    TS2304: Cannot find name 'HTMLElement'.

ERROR in [at-loader] ./node_modules/@types/react/index.d.ts:2596:29 
    TS2304: Cannot find name 'HTMLElement'.

ERROR in [at-loader] ./node_modules/@types/react/index.d.ts:2597:30 
    TS2304: Cannot find name 'HTMLElement'.

ERROR in [at-loader] ./node_modules/@types/react/index.d.ts:2598:41 
    TS2304: Cannot find name 'HTMLSelectElement'.

ERROR in [at-loader] ./node_modules/@types/react/index.d.ts:2599:28 
    TS2304: Cannot find name 'HTMLElement'.

ERROR in [at-loader] ./node_modules/@types/react/index.d.ts:2600:29 
    TS2304: Cannot find name 'HTMLSourceElement'.

ERROR in [at-loader] ./node_modules/@types/react/index.d.ts:2601:27 
    TS2304: Cannot find name 'HTMLSpanElement'.

ERROR in [at-loader] ./node_modules/@types/react/index.d.ts:2602:29 
    TS2304: Cannot find name 'HTMLElement'.

ERROR in [at-loader] ./node_modules/@types/react/index.d.ts:2603:28 
    TS2304: Cannot find name 'HTMLStyleElement'.

ERROR in [at-loader] ./node_modules/@types/react/index.d.ts:2604:26 
    TS2304: Cannot find name 'HTMLElement'.

ERROR in [at-loader] ./node_modules/@types/react/index.d.ts:2605:30 
    TS2304: Cannot find name 'HTMLElement'.

ERROR in [at-loader] ./node_modules/@types/react/index.d.ts:2606:26 
    TS2304: Cannot find name 'HTMLElement'.

ERROR in [at-loader] ./node_modules/@types/react/index.d.ts:2607:28 
    TS2304: Cannot find name 'HTMLTableElement'.

ERROR in [at-loader] ./node_modules/@types/react/index.d.ts:2608:28 
    TS2304: Cannot find name 'HTMLTableSectionElement'.

ERROR in [at-loader] ./node_modules/@types/react/index.d.ts:2609:25 
    TS2304: Cannot find name 'HTMLTableDataCellElement'.

ERROR in [at-loader] ./node_modules/@types/react/index.d.ts:2610:43 
    TS2304: Cannot find name 'HTMLTextAreaElement'.

ERROR in [at-loader] ./node_modules/@types/react/index.d.ts:2611:28 
    TS2304: Cannot find name 'HTMLTableSectionElement'.

ERROR in [at-loader] ./node_modules/@types/react/index.d.ts:2612:25 
    TS2304: Cannot find name 'HTMLTableHeaderCellElement'.

ERROR in [at-loader] ./node_modules/@types/react/index.d.ts:2613:28 
    TS2304: Cannot find name 'HTMLTableSectionElement'.

ERROR in [at-loader] ./node_modules/@types/react/index.d.ts:2614:27 
    TS2304: Cannot find name 'HTMLElement'.

ERROR in [at-loader] ./node_modules/@types/react/index.d.ts:2615:28 
    TS2304: Cannot find name 'HTMLTitleElement'.

ERROR in [at-loader] ./node_modules/@types/react/index.d.ts:2616:25 
    TS2304: Cannot find name 'HTMLTableRowElement'.

ERROR in [at-loader] ./node_modules/@types/react/index.d.ts:2617:28 
    TS2304: Cannot find name 'HTMLTrackElement'.

ERROR in [at-loader] ./node_modules/@types/react/index.d.ts:2618:24 
    TS2304: Cannot find name 'HTMLElement'.

ERROR in [at-loader] ./node_modules/@types/react/index.d.ts:2619:25 
    TS2304: Cannot find name 'HTMLUListElement'.

ERROR in [at-loader] ./node_modules/@types/react/index.d.ts:2620:28 
    TS2304: Cannot find name 'HTMLElement'.

ERROR in [at-loader] ./node_modules/@types/react/index.d.ts:2621:28 
    TS2304: Cannot find name 'HTMLVideoElement'.

ERROR in [at-loader] ./node_modules/@types/react/index.d.ts:2622:26 
    TS2304: Cannot find name 'HTMLElement'.

ERROR in [at-loader] ./node_modules/@types/react/index.d.ts:2698:21 
    TS2304: Cannot find name 'StyleMedia'.

ERROR in [at-loader] ./node_modules/@types/react/index.d.ts:2699:19 
    TS2304: Cannot find name 'Document'.

ERROR in [at-loader] ./node_modules/@types/react/index.d.ts:2704:17 
    TS2304: Cannot find name 'EventTarget'.

ERROR in [at-loader] ./node_modules/@types/react/index.d.ts:2734:32 
    TS2304: Cannot find name 'HTMLAnchorElement'.

ERROR in [at-loader] ./node_modules/@types/react/index.d.ts:2735:35 
    TS2304: Cannot find name 'HTMLElement'.

ERROR in [at-loader] ./node_modules/@types/react/index.d.ts:2736:38 
    TS2304: Cannot find name 'HTMLElement'.

ERROR in [at-loader] ./node_modules/@types/react/index.d.ts:2737:35 
    TS2304: Cannot find name 'HTMLAreaElement'.

ERROR in [at-loader] ./node_modules/@types/react/index.d.ts:2738:38 
    TS2304: Cannot find name 'HTMLElement'.

ERROR in [at-loader] ./node_modules/@types/react/index.d.ts:2739:36 
    TS2304: Cannot find name 'HTMLElement'.

ERROR in [at-loader] ./node_modules/@types/react/index.d.ts:2740:36 
    TS2304: Cannot find name 'HTMLAudioElement'.

ERROR in [at-loader] ./node_modules/@types/react/index.d.ts:2741:32 
    TS2304: Cannot find name 'HTMLElement'.

ERROR in [at-loader] ./node_modules/@types/react/index.d.ts:2742:35 
    TS2304: Cannot find name 'HTMLBaseElement'.

ERROR in [at-loader] ./node_modules/@types/react/index.d.ts:2743:34 
    TS2304: Cannot find name 'HTMLElement'.

ERROR in [at-loader] ./node_modules/@types/react/index.d.ts:2744:34 
    TS2304: Cannot find name 'HTMLElement'.

ERROR in [at-loader] ./node_modules/@types/react/index.d.ts:2745:34 
    TS2304: Cannot find name 'HTMLElement'.

ERROR in [at-loader] ./node_modules/@types/react/index.d.ts:2746:41 
    TS2304: Cannot find name 'HTMLElement'.

ERROR in [at-loader] ./node_modules/@types/react/index.d.ts:2747:35 
    TS2304: Cannot find name 'HTMLBodyElement'.

ERROR in [at-loader] ./node_modules/@types/react/index.d.ts:2748:33 
    TS2304: Cannot find name 'HTMLBRElement'.

ERROR in [at-loader] ./node_modules/@types/react/index.d.ts:2749:37 
    TS2304: Cannot find name 'HTMLButtonElement'.

ERROR in [at-loader] ./node_modules/@types/react/index.d.ts:2750:37 
    TS2304: Cannot find name 'HTMLCanvasElement'.

ERROR in [at-loader] ./node_modules/@types/react/index.d.ts:2751:38 
    TS2304: Cannot find name 'HTMLElement'.

ERROR in [at-loader] ./node_modules/@types/react/index.d.ts:2752:35 
    TS2304: Cannot find name 'HTMLElement'.

ERROR in [at-loader] ./node_modules/@types/react/index.d.ts:2753:35 
    TS2304: Cannot find name 'HTMLElement'.

ERROR in [at-loader] ./node_modules/@types/react/index.d.ts:2754:34 
    TS2304: Cannot find name 'HTMLTableColElement'.

ERROR in [at-loader] ./node_modules/@types/react/index.d.ts:2755:39 
    TS2304: Cannot find name 'HTMLTableColElement'.

ERROR in [at-loader] ./node_modules/@types/react/index.d.ts:2756:35 
    TS2304: Cannot find name 'HTMLElement'.

ERROR in [at-loader] ./node_modules/@types/react/index.d.ts:2757:39 
    TS2304: Cannot find name 'HTMLDataListElement'.

ERROR in [at-loader] ./node_modules/@types/react/index.d.ts:2758:33 
    TS2304: Cannot find name 'HTMLElement'.

ERROR in [at-loader] ./node_modules/@types/react/index.d.ts:2759:34 
    TS2304: Cannot find name 'HTMLElement'.

ERROR in [at-loader] ./node_modules/@types/react/index.d.ts:2760:38 
    TS2304: Cannot find name 'HTMLElement'.

ERROR in [at-loader] ./node_modules/@types/react/index.d.ts:2761:34 
    TS2304: Cannot find name 'HTMLElement'.

ERROR in [at-loader] ./node_modules/@types/react/index.d.ts:2762:37 
    TS2304: Cannot find name 'HTMLElement'.

ERROR in [at-loader] ./node_modules/@types/react/index.d.ts:2763:34 
    TS2304: Cannot find name 'HTMLDivElement'.

ERROR in [at-loader] ./node_modules/@types/react/index.d.ts:2764:33 
    TS2304: Cannot find name 'HTMLDListElement'.

ERROR in [at-loader] ./node_modules/@types/react/index.d.ts:2765:33 
    TS2304: Cannot find name 'HTMLElement'.

ERROR in [at-loader] ./node_modules/@types/react/index.d.ts:2766:33 
    TS2304: Cannot find name 'HTMLElement'.

ERROR in [at-loader] ./node_modules/@types/react/index.d.ts:2767:36 
    TS2304: Cannot find name 'HTMLEmbedElement'.

ERROR in [at-loader] ./node_modules/@types/react/index.d.ts:2768:39 
    TS2304: Cannot find name 'HTMLFieldSetElement'.

ERROR in [at-loader] ./node_modules/@types/react/index.d.ts:2769:41 
    TS2304: Cannot find name 'HTMLElement'.

ERROR in [at-loader] ./node_modules/@types/react/index.d.ts:2770:37 
    TS2304: Cannot find name 'HTMLElement'.

ERROR in [at-loader] ./node_modules/@types/react/index.d.ts:2771:37 
    TS2304: Cannot find name 'HTMLElement'.

ERROR in [at-loader] ./node_modules/@types/react/index.d.ts:2772:35 
    TS2304: Cannot find name 'HTMLFormElement'.

ERROR in [at-loader] ./node_modules/@types/react/index.d.ts:2773:33 
    TS2304: Cannot find name 'HTMLHeadingElement'.

ERROR in [at-loader] ./node_modules/@types/react/index.d.ts:2774:33 
    TS2304: Cannot find name 'HTMLHeadingElement'.

ERROR in [at-loader] ./node_modules/@types/react/index.d.ts:2775:33 
    TS2304: Cannot find name 'HTMLHeadingElement'.

ERROR in [at-loader] ./node_modules/@types/react/index.d.ts:2776:33 
    TS2304: Cannot find name 'HTMLHeadingElement'.

ERROR in [at-loader] ./node_modules/@types/react/index.d.ts:2777:33 
    TS2304: Cannot find name 'HTMLHeadingElement'.

ERROR in [at-loader] ./node_modules/@types/react/index.d.ts:2778:33 
    TS2304: Cannot find name 'HTMLHeadingElement'.

ERROR in [at-loader] ./node_modules/@types/react/index.d.ts:2779:35 
    TS2304: Cannot find name 'HTMLHeadElement'.

ERROR in [at-loader] ./node_modules/@types/react/index.d.ts:2780:37 
    TS2304: Cannot find name 'HTMLElement'.

ERROR in [at-loader] ./node_modules/@types/react/index.d.ts:2781:37 
    TS2304: Cannot find name 'HTMLElement'.

ERROR in [at-loader] ./node_modules/@types/react/index.d.ts:2782:33 
    TS2304: Cannot find name 'HTMLHRElement'.

ERROR in [at-loader] ./node_modules/@types/react/index.d.ts:2783:35 
    TS2304: Cannot find name 'HTMLHtmlElement'.

ERROR in [at-loader] ./node_modules/@types/react/index.d.ts:2784:32 
    TS2304: Cannot find name 'HTMLElement'.

ERROR in [at-loader] ./node_modules/@types/react/index.d.ts:2785:37 
    TS2304: Cannot find name 'HTMLIFrameElement'.

ERROR in [at-loader] ./node_modules/@types/react/index.d.ts:2786:34 
    TS2304: Cannot find name 'HTMLImageElement'.

ERROR in [at-loader] ./node_modules/@types/react/index.d.ts:2787:48 
    TS2304: Cannot find name 'HTMLInputElement'.

ERROR in [at-loader] ./node_modules/@types/react/index.d.ts:2788:34 
    TS2304: Cannot find name 'HTMLModElement'.

ERROR in [at-loader] ./node_modules/@types/react/index.d.ts:2789:34 
    TS2304: Cannot find name 'HTMLElement'.

ERROR in [at-loader] ./node_modules/@types/react/index.d.ts:2790:37 
    TS2304: Cannot find name 'HTMLElement'.

ERROR in [at-loader] ./node_modules/@types/react/index.d.ts:2791:36 
    TS2304: Cannot find name 'HTMLLabelElement'.

ERROR in [at-loader] ./node_modules/@types/react/index.d.ts:2792:37 
    TS2304: Cannot find name 'HTMLLegendElement'.

ERROR in [at-loader] ./node_modules/@types/react/index.d.ts:2793:33 
    TS2304: Cannot find name 'HTMLLIElement'.

ERROR in [at-loader] ./node_modules/@types/react/index.d.ts:2794:35 
    TS2304: Cannot find name 'HTMLLinkElement'.

ERROR in [at-loader] ./node_modules/@types/react/index.d.ts:2795:35 
    TS2304: Cannot find name 'HTMLElement'.

ERROR in [at-loader] ./node_modules/@types/react/index.d.ts:2796:34 
    TS2304: Cannot find name 'HTMLMapElement'.

ERROR in [at-loader] ./node_modules/@types/react/index.d.ts:2797:35 
    TS2304: Cannot find name 'HTMLElement'.

ERROR in [at-loader] ./node_modules/@types/react/index.d.ts:2798:35 
    TS2304: Cannot find name 'HTMLElement'.

ERROR in [at-loader] ./node_modules/@types/react/index.d.ts:2799:39 
    TS2304: Cannot find name 'HTMLElement'.

ERROR in [at-loader] ./node_modules/@types/react/index.d.ts:2800:35 
    TS2304: Cannot find name 'HTMLMetaElement'.

ERROR in [at-loader] ./node_modules/@types/react/index.d.ts:2801:36 
    TS2304: Cannot find name 'HTMLElement'.

ERROR in [at-loader] ./node_modules/@types/react/index.d.ts:2802:34 
    TS2304: Cannot find name 'HTMLElement'.

ERROR in [at-loader] ./node_modules/@types/react/index.d.ts:2803:38 
    TS2304: Cannot find name 'HTMLElement'.

ERROR in [at-loader] ./node_modules/@types/react/index.d.ts:2804:39 
    TS2304: Cannot find name 'HTMLElement'.

ERROR in [at-loader] ./node_modules/@types/react/index.d.ts:2805:37 
    TS2304: Cannot find name 'HTMLObjectElement'.

ERROR in [at-loader] ./node_modules/@types/react/index.d.ts:2806:33 
    TS2304: Cannot find name 'HTMLOListElement'.

ERROR in [at-loader] ./node_modules/@types/react/index.d.ts:2807:39 
    TS2304: Cannot find name 'HTMLOptGroupElement'.

ERROR in [at-loader] ./node_modules/@types/react/index.d.ts:2808:37 
    TS2304: Cannot find name 'HTMLOptionElement'.

ERROR in [at-loader] ./node_modules/@types/react/index.d.ts:2809:37 
    TS2304: Cannot find name 'HTMLElement'.

ERROR in [at-loader] ./node_modules/@types/react/index.d.ts:2810:32 
    TS2304: Cannot find name 'HTMLParagraphElement'.

ERROR in [at-loader] ./node_modules/@types/react/index.d.ts:2811:36 
    TS2304: Cannot find name 'HTMLParamElement'.

ERROR in [at-loader] ./node_modules/@types/react/index.d.ts:2812:38 
    TS2304: Cannot find name 'HTMLElement'.

ERROR in [at-loader] ./node_modules/@types/react/index.d.ts:2813:34 
    TS2304: Cannot find name 'HTMLPreElement'.

ERROR in [at-loader] ./node_modules/@types/react/index.d.ts:2814:39 
    TS2304: Cannot find name 'HTMLProgressElement'.

ERROR in [at-loader] ./node_modules/@types/react/index.d.ts:2815:32 
    TS2304: Cannot find name 'HTMLQuoteElement'.

ERROR in [at-loader] ./node_modules/@types/react/index.d.ts:2816:33 
    TS2304: Cannot find name 'HTMLElement'.

ERROR in [at-loader] ./node_modules/@types/react/index.d.ts:2817:33 
    TS2304: Cannot find name 'HTMLElement'.

ERROR in [at-loader] ./node_modules/@types/react/index.d.ts:2818:35 
    TS2304: Cannot find name 'HTMLElement'.

ERROR in [at-loader] ./node_modules/@types/react/index.d.ts:2819:32 
    TS2304: Cannot find name 'HTMLElement'.

ERROR in [at-loader] ./node_modules/@types/react/index.d.ts:2820:35 
    TS2304: Cannot find name 'HTMLElement'.

ERROR in [at-loader] ./node_modules/@types/react/index.d.ts:2821:37 
    TS2304: Cannot find name 'HTMLElement'.

ERROR in [at-loader] ./node_modules/@types/react/index.d.ts:2822:38 
    TS2304: Cannot find name 'HTMLElement'.

ERROR in [at-loader] ./node_modules/@types/react/index.d.ts:2823:49 
    TS2304: Cannot find name 'HTMLSelectElement'.

ERROR in [at-loader] ./node_modules/@types/react/index.d.ts:2824:36 
    TS2304: Cannot find name 'HTMLElement'.

ERROR in [at-loader] ./node_modules/@types/react/index.d.ts:2825:37 
    TS2304: Cannot find name 'HTMLSourceElement'.

ERROR in [at-loader] ./node_modules/@types/react/index.d.ts:2826:35 
    TS2304: Cannot find name 'HTMLSpanElement'.

ERROR in [at-loader] ./node_modules/@types/react/index.d.ts:2827:37 
    TS2304: Cannot find name 'HTMLElement'.

ERROR in [at-loader] ./node_modules/@types/react/index.d.ts:2828:36 
    TS2304: Cannot find name 'HTMLStyleElement'.

ERROR in [at-loader] ./node_modules/@types/react/index.d.ts:2829:34 
    TS2304: Cannot find name 'HTMLElement'.

ERROR in [at-loader] ./node_modules/@types/react/index.d.ts:2830:38 
    TS2304: Cannot find name 'HTMLElement'.

ERROR in [at-loader] ./node_modules/@types/react/index.d.ts:2831:34 
    TS2304: Cannot find name 'HTMLElement'.

ERROR in [at-loader] ./node_modules/@types/react/index.d.ts:2832:36 
    TS2304: Cannot find name 'HTMLTableElement'.

ERROR in [at-loader] ./node_modules/@types/react/index.d.ts:2833:36 
    TS2304: Cannot find name 'HTMLTableSectionElement'.

ERROR in [at-loader] ./node_modules/@types/react/index.d.ts:2834:33 
    TS2304: Cannot find name 'HTMLTableDataCellElement'.

ERROR in [at-loader] ./node_modules/@types/react/index.d.ts:2835:51 
    TS2304: Cannot find name 'HTMLTextAreaElement'.

ERROR in [at-loader] ./node_modules/@types/react/index.d.ts:2836:36 
    TS2304: Cannot find name 'HTMLTableSectionElement'.

ERROR in [at-loader] ./node_modules/@types/react/index.d.ts:2837:33 
    TS2304: Cannot find name 'HTMLTableHeaderCellElement'.

ERROR in [at-loader] ./node_modules/@types/react/index.d.ts:2838:36 
    TS2304: Cannot find name 'HTMLTableSectionElement'.

ERROR in [at-loader] ./node_modules/@types/react/index.d.ts:2839:35 
    TS2304: Cannot find name 'HTMLElement'.

ERROR in [at-loader] ./node_modules/@types/react/index.d.ts:2840:36 
    TS2304: Cannot find name 'HTMLTitleElement'.

ERROR in [at-loader] ./node_modules/@types/react/index.d.ts:2841:33 
    TS2304: Cannot find name 'HTMLTableRowElement'.

ERROR in [at-loader] ./node_modules/@types/react/index.d.ts:2842:36 
    TS2304: Cannot find name 'HTMLTrackElement'.

ERROR in [at-loader] ./node_modules/@types/react/index.d.ts:2843:32 
    TS2304: Cannot find name 'HTMLElement'.

ERROR in [at-loader] ./node_modules/@types/react/index.d.ts:2844:33 
    TS2304: Cannot find name 'HTMLUListElement'.

ERROR in [at-loader] ./node_modules/@types/react/index.d.ts:2845:36 
    TS2304: Cannot find name 'HTMLElement'.

ERROR in [at-loader] ./node_modules/@types/react/index.d.ts:2846:36 
    TS2304: Cannot find name 'HTMLVideoElement'.

ERROR in [at-loader] ./node_modules/@types/react/index.d.ts:2847:34 
    TS2304: Cannot find name 'HTMLElement'.

ERROR in [at-loader] ./node_modules/@types/react/index.d.ts:2850:33 
    TS2304: Cannot find name 'SVGSVGElement'.

ERROR in [at-loader] ./node_modules/@types/react/index.d.ts:2852:37 
    TS2304: Cannot find name 'SVGElement'.

ERROR in [at-loader] ./node_modules/@types/react/index.d.ts:2853:36 
    TS2304: Cannot find name 'SVGCircleElement'.

ERROR in [at-loader] ./node_modules/@types/react/index.d.ts:2854:38 
    TS2304: Cannot find name 'SVGClipPathElement'.

ERROR in [at-loader] ./node_modules/@types/react/index.d.ts:2855:34 
    TS2304: Cannot find name 'SVGDefsElement'.

ERROR in [at-loader] ./node_modules/@types/react/index.d.ts:2856:34 
    TS2304: Cannot find name 'SVGDescElement'.

ERROR in [at-loader] ./node_modules/@types/react/index.d.ts:2857:37 
    TS2304: Cannot find name 'SVGEllipseElement'.

ERROR in [at-loader] ./node_modules/@types/react/index.d.ts:2858:37 
    TS2304: Cannot find name 'SVGFEBlendElement'.

ERROR in [at-loader] ./node_modules/@types/react/index.d.ts:2859:43 
    TS2304: Cannot find name 'SVGFEColorMatrixElement'.

ERROR in [at-loader] ./node_modules/@types/react/index.d.ts:2860:49 
    TS2304: Cannot find name 'SVGFEComponentTransferElement'.

ERROR in [at-loader] ./node_modules/@types/react/index.d.ts:2861:41 
    TS2304: Cannot find name 'SVGFECompositeElement'.

ERROR in [at-loader] ./node_modules/@types/react/index.d.ts:2862:46 
    TS2304: Cannot find name 'SVGFEConvolveMatrixElement'.

ERROR in [at-loader] ./node_modules/@types/react/index.d.ts:2863:47 
    TS2304: Cannot find name 'SVGFEDiffuseLightingElement'.

ERROR in [at-loader] ./node_modules/@types/react/index.d.ts:2864:47 
    TS2304: Cannot find name 'SVGFEDisplacementMapElement'.

ERROR in [at-loader] ./node_modules/@types/react/index.d.ts:2865:44 
    TS2304: Cannot find name 'SVGFEDistantLightElement'.

ERROR in [at-loader] ./node_modules/@types/react/index.d.ts:2866:37 
    TS2304: Cannot find name 'SVGFEFloodElement'.

ERROR in [at-loader] ./node_modules/@types/react/index.d.ts:2867:37 
    TS2304: Cannot find name 'SVGFEFuncAElement'.

ERROR in [at-loader] ./node_modules/@types/react/index.d.ts:2868:37 
    TS2304: Cannot find name 'SVGFEFuncBElement'.

ERROR in [at-loader] ./node_modules/@types/react/index.d.ts:2869:37 
    TS2304: Cannot find name 'SVGFEFuncGElement'.

ERROR in [at-loader] ./node_modules/@types/react/index.d.ts:2870:37 
    TS2304: Cannot find name 'SVGFEFuncRElement'.

ERROR in [at-loader] ./node_modules/@types/react/index.d.ts:2871:44 
    TS2304: Cannot find name 'SVGFEGaussianBlurElement'.

ERROR in [at-loader] ./node_modules/@types/react/index.d.ts:2872:37 
    TS2304: Cannot find name 'SVGFEImageElement'.

ERROR in [at-loader] ./node_modules/@types/react/index.d.ts:2873:37 
    TS2304: Cannot find name 'SVGFEMergeElement'.

ERROR in [at-loader] ./node_modules/@types/react/index.d.ts:2874:41 
    TS2304: Cannot find name 'SVGFEMergeNodeElement'.

ERROR in [at-loader] ./node_modules/@types/react/index.d.ts:2875:42 
    TS2304: Cannot find name 'SVGFEMorphologyElement'.

ERROR in [at-loader] ./node_modules/@types/react/index.d.ts:2876:38 
    TS2304: Cannot find name 'SVGFEOffsetElement'.

ERROR in [at-loader] ./node_modules/@types/react/index.d.ts:2877:42 
    TS2304: Cannot find name 'SVGFEPointLightElement'.

ERROR in [at-loader] ./node_modules/@types/react/index.d.ts:2878:48 
    TS2304: Cannot find name 'SVGFESpecularLightingElement'.

ERROR in [at-loader] ./node_modules/@types/react/index.d.ts:2879:41 
    TS2304: Cannot find name 'SVGFESpotLightElement'.

ERROR in [at-loader] ./node_modules/@types/react/index.d.ts:2880:36 
    TS2304: Cannot find name 'SVGFETileElement'.

ERROR in [at-loader] ./node_modules/@types/react/index.d.ts:2881:42 
    TS2304: Cannot find name 'SVGFETurbulenceElement'.

ERROR in [at-loader] ./node_modules/@types/react/index.d.ts:2882:36 
    TS2304: Cannot find name 'SVGFilterElement'.

ERROR in [at-loader] ./node_modules/@types/react/index.d.ts:2883:43 
    TS2304: Cannot find name 'SVGForeignObjectElement'.

ERROR in [at-loader] ./node_modules/@types/react/index.d.ts:2884:31 
    TS2304: Cannot find name 'SVGGElement'.

ERROR in [at-loader] ./node_modules/@types/react/index.d.ts:2885:35 
    TS2304: Cannot find name 'SVGImageElement'.

ERROR in [at-loader] ./node_modules/@types/react/index.d.ts:2886:34 
    TS2304: Cannot find name 'SVGLineElement'.

ERROR in [at-loader] ./node_modules/@types/react/index.d.ts:2887:44 
    TS2304: Cannot find name 'SVGLinearGradientElement'.

ERROR in [at-loader] ./node_modules/@types/react/index.d.ts:2888:36 
    TS2304: Cannot find name 'SVGMarkerElement'.

ERROR in [at-loader] ./node_modules/@types/react/index.d.ts:2889:34 
    TS2304: Cannot find name 'SVGMaskElement'.

ERROR in [at-loader] ./node_modules/@types/react/index.d.ts:2890:38 
    TS2304: Cannot find name 'SVGMetadataElement'.

ERROR in [at-loader] ./node_modules/@types/react/index.d.ts:2891:34 
    TS2304: Cannot find name 'SVGPathElement'.

ERROR in [at-loader] ./node_modules/@types/react/index.d.ts:2892:37 
    TS2304: Cannot find name 'SVGPatternElement'.

ERROR in [at-loader] ./node_modules/@types/react/index.d.ts:2893:37 
    TS2304: Cannot find name 'SVGPolygonElement'.

ERROR in [at-loader] ./node_modules/@types/react/index.d.ts:2894:38 
    TS2304: Cannot find name 'SVGPolylineElement'.

ERROR in [at-loader] ./node_modules/@types/react/index.d.ts:2895:44 
    TS2304: Cannot find name 'SVGRadialGradientElement'.

ERROR in [at-loader] ./node_modules/@types/react/index.d.ts:2896:34 
    TS2304: Cannot find name 'SVGRectElement'.

ERROR in [at-loader] ./node_modules/@types/react/index.d.ts:2897:34 
    TS2304: Cannot find name 'SVGStopElement'.

ERROR in [at-loader] ./node_modules/@types/react/index.d.ts:2898:36 
    TS2304: Cannot find name 'SVGSwitchElement'.

ERROR in [at-loader] ./node_modules/@types/react/index.d.ts:2899:36 
    TS2304: Cannot find name 'SVGSymbolElement'.

ERROR in [at-loader] ./node_modules/@types/react/index.d.ts:2900:34 
    TS2304: Cannot find name 'SVGTextElement'.

ERROR in [at-loader] ./node_modules/@types/react/index.d.ts:2901:38 
    TS2304: Cannot find name 'SVGTextPathElement'.

ERROR in [at-loader] ./node_modules/@types/react/index.d.ts:2902:35 
    TS2304: Cannot find name 'SVGTSpanElement'.

ERROR in [at-loader] ./node_modules/@types/react/index.d.ts:2903:33 
    TS2304: Cannot find name 'SVGUseElement'.

ERROR in [at-loader] ./node_modules/@types/react/index.d.ts:2904:34 
    TS2304: Cannot find name 'SVGViewElement'.
Child html-webpack-plugin for "index.html":
       [0] ./~/lodash/lodash.js 540 kB {0} [built]
       [1] ./~/html-webpack-plugin/lib/loader.js!./src/index.html 3.77 kB {0} [built]
       [2] (webpack)/buildin/global.js 509 bytes {0} [built]
       [3] (webpack)/buildin/module.js 517 bytes {0} [built]
